2025-05-04 05:24:50,602 - uvicorn.error - INFO - Will watch for changes in these directories: ['/app/api']
2025-05-04 05:24:50,602 - uvicorn.error - INFO - Will watch for changes in these directories: ['/app/api']
2025-05-04 05:24:50,602 - uvicorn.error - INFO - Will watch for changes in these directories: ['/app/api']
2025-05-04 05:24:50,609 - uvicorn.error - INFO - Uvicorn running on http://0.0.0.0:8000 (Press CTRL+C to quit)
2025-05-04 05:24:50,609 - uvicorn.error - INFO - Uvicorn running on http://0.0.0.0:8000 (Press CTRL+C to quit)
2025-05-04 05:24:50,609 - uvicorn.error - INFO - Uvicorn running on http://0.0.0.0:8000 (Press CTRL+C to quit)
2025-05-04 05:24:50,615 - uvicorn.error - INFO - Started reloader process [1] using WatchFiles
2025-05-04 05:24:50,615 - uvicorn.error - INFO - Started reloader process [1] using WatchFiles
2025-05-04 05:24:50,615 - uvicorn.error - INFO - Started reloader process [1] using WatchFiles
2025-05-04 05:24:56,922 - uvicorn.error - INFO - Started server process [8]
2025-05-04 05:24:56,922 - uvicorn.error - INFO - Started server process [8]
2025-05-04 05:24:56,922 - uvicorn.error - INFO - Started server process [8]
2025-05-04 05:24:56,932 - uvicorn.error - INFO - Waiting for application startup.
2025-05-04 05:24:56,932 - uvicorn.error - INFO - Waiting for application startup.
2025-05-04 05:24:56,932 - uvicorn.error - INFO - Waiting for application startup.
2025-05-04 05:24:56,976 - uvicorn.error - INFO - Application startup complete.
2025-05-04 05:24:56,976 - uvicorn.error - INFO - Application startup complete.
2025-05-04 05:24:56,976 - uvicorn.error - INFO - Application startup complete.
2025-05-04 05:24:57,006 - watchfiles.main - INFO - 4 changes detected
2025-05-04 05:24:57,006 - watchfiles.main - INFO - 4 changes detected
2025-05-04 05:24:57,006 - watchfiles.main - INFO - 4 changes detected
2025-05-04 05:24:57,364 - watchfiles.main - INFO - 1 change detected
2025-05-04 05:24:57,364 - watchfiles.main - INFO - 1 change detected
2025-05-04 05:24:57,364 - watchfiles.main - INFO - 1 change detected
2025-05-04 05:24:57,733 - watchfiles.main - INFO - 1 change detected
2025-05-04 05:24:57,733 - watchfiles.main - INFO - 1 change detected
2025-05-04 05:24:57,733 - watchfiles.main - INFO - 1 change detected
2025-05-04 05:24:58,128 - watchfiles.main - INFO - 1 change detected
2025-05-04 05:24:58,128 - watchfiles.main - INFO - 1 change detected
2025-05-04 05:24:58,128 - watchfiles.main - INFO - 1 change detected
2025-05-04 05:24:58,483 - watchfiles.main - INFO - 1 change detected
2025-05-04 05:24:58,483 - watchfiles.main - INFO - 1 change detected
2025-05-04 05:24:58,483 - watchfiles.main - INFO - 1 change detected
2025-05-04 05:24:58,844 - watchfiles.main - INFO - 1 change detected
2025-05-04 05:24:58,844 - watchfiles.main - INFO - 1 change detected
2025-05-04 05:24:58,844 - watchfiles.main - INFO - 1 change detected
2025-05-04 05:24:59,199 - watchfiles.main - INFO - 1 change detected
2025-05-04 05:24:59,199 - watchfiles.main - INFO - 1 change detected
2025-05-04 05:24:59,199 - watchfiles.main - INFO - 1 change detected
2025-05-04 05:24:59,554 - watchfiles.main - INFO - 1 change detected
2025-05-04 05:24:59,554 - watchfiles.main - INFO - 1 change detected
2025-05-04 05:24:59,554 - watchfiles.main - INFO - 1 change detected
2025-05-04 05:24:59,908 - watchfiles.main - INFO - 1 change detected
2025-05-04 05:24:59,908 - watchfiles.main - INFO - 1 change detected
2025-05-04 05:24:59,908 - watchfiles.main - INFO - 1 change detected
2025-05-04 05:25:00,264 - watchfiles.main - INFO - 1 change detected
2025-05-04 05:25:00,264 - watchfiles.main - INFO - 1 change detected
2025-05-04 05:25:00,264 - watchfiles.main - INFO - 1 change detected
2025-05-04 05:25:00,619 - watchfiles.main - INFO - 1 change detected
2025-05-04 05:25:00,619 - watchfiles.main - INFO - 1 change detected
2025-05-04 05:25:00,619 - watchfiles.main - INFO - 1 change detected
2025-05-04 05:25:00,978 - watchfiles.main - INFO - 1 change detected
2025-05-04 05:25:00,978 - watchfiles.main - INFO - 1 change detected
2025-05-04 05:25:00,978 - watchfiles.main - INFO - 1 change detected
2025-05-04 05:25:01,335 - watchfiles.main - INFO - 1 change detected
2025-05-04 05:25:01,335 - watchfiles.main - INFO - 1 change detected
2025-05-04 05:25:01,335 - watchfiles.main - INFO - 1 change detected
2025-05-04 05:25:01,691 - watchfiles.main - INFO - 1 change detected
2025-05-04 05:25:01,691 - watchfiles.main - INFO - 1 change detected
2025-05-04 05:25:01,691 - watchfiles.main - INFO - 1 change detected
2025-05-04 05:25:02,225 - watchfiles.main - INFO - 1 change detected
2025-05-04 05:25:02,225 - watchfiles.main - INFO - 1 change detected
2025-05-04 05:25:02,225 - watchfiles.main - INFO - 1 change detected
2025-05-04 05:25:02,630 - watchfiles.main - INFO - 1 change detected
2025-05-04 05:25:02,630 - watchfiles.main - INFO - 1 change detected
2025-05-04 05:25:02,630 - watchfiles.main - INFO - 1 change detected
2025-05-04 05:25:03,012 - watchfiles.main - INFO - 1 change detected
2025-05-04 05:25:03,012 - watchfiles.main - INFO - 1 change detected
2025-05-04 05:25:03,012 - watchfiles.main - INFO - 1 change detected
2025-05-04 05:25:03,390 - watchfiles.main - INFO - 1 change detected
2025-05-04 05:25:03,390 - watchfiles.main - INFO - 1 change detected
2025-05-04 05:25:03,390 - watchfiles.main - INFO - 1 change detected
2025-05-04 05:25:03,748 - watchfiles.main - INFO - 1 change detected
2025-05-04 05:25:03,748 - watchfiles.main - INFO - 1 change detected
2025-05-04 05:25:03,748 - watchfiles.main - INFO - 1 change detected
2025-05-04 05:25:04,105 - watchfiles.main - INFO - 1 change detected
2025-05-04 05:25:04,105 - watchfiles.main - INFO - 1 change detected
2025-05-04 05:25:04,105 - watchfiles.main - INFO - 1 change detected
2025-05-04 05:25:04,472 - watchfiles.main - INFO - 1 change detected
2025-05-04 05:25:04,472 - watchfiles.main - INFO - 1 change detected
2025-05-04 05:25:04,472 - watchfiles.main - INFO - 1 change detected
2025-05-04 05:25:04,829 - watchfiles.main - INFO - 1 change detected
2025-05-04 05:25:04,829 - watchfiles.main - INFO - 1 change detected
2025-05-04 05:25:04,829 - watchfiles.main - INFO - 1 change detected
2025-05-04 05:25:05,184 - watchfiles.main - INFO - 1 change detected
2025-05-04 05:25:05,184 - watchfiles.main - INFO - 1 change detected
2025-05-04 05:25:05,184 - watchfiles.main - INFO - 1 change detected
2025-05-04 05:25:05,538 - watchfiles.main - INFO - 1 change detected
2025-05-04 05:25:05,538 - watchfiles.main - INFO - 1 change detected
2025-05-04 05:25:05,538 - watchfiles.main - INFO - 1 change detected
2025-05-04 05:25:05,893 - watchfiles.main - INFO - 1 change detected
2025-05-04 05:25:05,893 - watchfiles.main - INFO - 1 change detected
2025-05-04 05:25:05,893 - watchfiles.main - INFO - 1 change detected
2025-05-04 05:25:06,257 - watchfiles.main - INFO - 1 change detected
2025-05-04 05:25:06,257 - watchfiles.main - INFO - 1 change detected
2025-05-04 05:25:06,257 - watchfiles.main - INFO - 1 change detected
2025-05-04 05:25:06,611 - watchfiles.main - INFO - 1 change detected
2025-05-04 05:25:06,611 - watchfiles.main - INFO - 1 change detected
2025-05-04 05:25:06,611 - watchfiles.main - INFO - 1 change detected
2025-05-04 05:25:06,965 - watchfiles.main - INFO - 1 change detected
2025-05-04 05:25:06,965 - watchfiles.main - INFO - 1 change detected
2025-05-04 05:25:06,965 - watchfiles.main - INFO - 1 change detected
2025-05-04 05:25:07,321 - watchfiles.main - INFO - 1 change detected
2025-05-04 05:25:07,321 - watchfiles.main - INFO - 1 change detected
2025-05-04 05:25:07,321 - watchfiles.main - INFO - 1 change detected
2025-05-04 05:25:07,676 - watchfiles.main - INFO - 1 change detected
2025-05-04 05:25:07,676 - watchfiles.main - INFO - 1 change detected
2025-05-04 05:25:07,676 - watchfiles.main - INFO - 1 change detected
2025-05-04 05:25:08,032 - watchfiles.main - INFO - 1 change detected
2025-05-04 05:25:08,032 - watchfiles.main - INFO - 1 change detected
2025-05-04 05:25:08,032 - watchfiles.main - INFO - 1 change detected
2025-05-04 05:25:08,386 - watchfiles.main - INFO - 1 change detected
2025-05-04 05:25:08,386 - watchfiles.main - INFO - 1 change detected
2025-05-04 05:25:08,386 - watchfiles.main - INFO - 1 change detected
2025-05-04 05:25:08,743 - watchfiles.main - INFO - 1 change detected
2025-05-04 05:25:08,743 - watchfiles.main - INFO - 1 change detected
2025-05-04 05:25:08,743 - watchfiles.main - INFO - 1 change detected
2025-05-04 05:25:09,098 - watchfiles.main - INFO - 1 change detected
2025-05-04 05:25:09,098 - watchfiles.main - INFO - 1 change detected
2025-05-04 05:25:09,098 - watchfiles.main - INFO - 1 change detected
2025-05-04 05:25:09,454 - watchfiles.main - INFO - 1 change detected
2025-05-04 05:25:09,454 - watchfiles.main - INFO - 1 change detected
2025-05-04 05:25:09,454 - watchfiles.main - INFO - 1 change detected
2025-05-04 05:25:09,828 - watchfiles.main - INFO - 1 change detected
2025-05-04 05:25:09,828 - watchfiles.main - INFO - 1 change detected
2025-05-04 05:25:09,828 - watchfiles.main - INFO - 1 change detected
2025-05-04 05:25:10,183 - watchfiles.main - INFO - 1 change detected
2025-05-04 05:25:10,183 - watchfiles.main - INFO - 1 change detected
2025-05-04 05:25:10,183 - watchfiles.main - INFO - 1 change detected
2025-05-04 05:25:10,539 - watchfiles.main - INFO - 1 change detected
2025-05-04 05:25:10,539 - watchfiles.main - INFO - 1 change detected
2025-05-04 05:25:10,539 - watchfiles.main - INFO - 1 change detected
2025-05-04 05:25:10,903 - watchfiles.main - INFO - 1 change detected
2025-05-04 05:25:10,903 - watchfiles.main - INFO - 1 change detected
2025-05-04 05:25:10,903 - watchfiles.main - INFO - 1 change detected
2025-05-04 05:25:11,257 - watchfiles.main - INFO - 1 change detected
2025-05-04 05:25:11,257 - watchfiles.main - INFO - 1 change detected
2025-05-04 05:25:11,257 - watchfiles.main - INFO - 1 change detected
2025-05-04 05:25:11,620 - watchfiles.main - INFO - 1 change detected
2025-05-04 05:25:11,620 - watchfiles.main - INFO - 1 change detected
2025-05-04 05:25:11,620 - watchfiles.main - INFO - 1 change detected
2025-05-04 05:25:11,981 - watchfiles.main - INFO - 1 change detected
2025-05-04 05:25:11,981 - watchfiles.main - INFO - 1 change detected
2025-05-04 05:25:11,981 - watchfiles.main - INFO - 1 change detected
2025-05-04 05:25:12,335 - watchfiles.main - INFO - 1 change detected
2025-05-04 05:25:12,335 - watchfiles.main - INFO - 1 change detected
2025-05-04 05:25:12,335 - watchfiles.main - INFO - 1 change detected
2025-05-04 05:25:12,695 - watchfiles.main - INFO - 1 change detected
2025-05-04 05:25:12,695 - watchfiles.main - INFO - 1 change detected
2025-05-04 05:25:12,695 - watchfiles.main - INFO - 1 change detected
2025-05-04 05:25:13,051 - watchfiles.main - INFO - 1 change detected
2025-05-04 05:25:13,051 - watchfiles.main - INFO - 1 change detected
2025-05-04 05:25:13,051 - watchfiles.main - INFO - 1 change detected
2025-05-04 05:25:13,406 - watchfiles.main - INFO - 1 change detected
2025-05-04 05:25:13,406 - watchfiles.main - INFO - 1 change detected
2025-05-04 05:25:13,406 - watchfiles.main - INFO - 1 change detected
2025-05-04 05:25:13,762 - watchfiles.main - INFO - 1 change detected
2025-05-04 05:25:13,762 - watchfiles.main - INFO - 1 change detected
2025-05-04 05:25:13,762 - watchfiles.main - INFO - 1 change detected
2025-05-04 05:25:14,123 - watchfiles.main - INFO - 2 changes detected
2025-05-04 05:25:14,123 - watchfiles.main - INFO - 2 changes detected
2025-05-04 05:25:14,123 - watchfiles.main - INFO - 2 changes detected
2025-05-04 05:25:14,493 - watchfiles.main - INFO - 1 change detected
2025-05-04 05:25:14,493 - watchfiles.main - INFO - 1 change detected
2025-05-04 05:25:14,493 - watchfiles.main - INFO - 1 change detected
2025-05-04 05:25:14,850 - watchfiles.main - INFO - 1 change detected
2025-05-04 05:25:14,850 - watchfiles.main - INFO - 1 change detected
2025-05-04 05:25:14,850 - watchfiles.main - INFO - 1 change detected
2025-05-04 05:25:15,204 - watchfiles.main - INFO - 1 change detected
2025-05-04 05:25:15,204 - watchfiles.main - INFO - 1 change detected
2025-05-04 05:25:15,204 - watchfiles.main - INFO - 1 change detected
2025-05-04 05:25:15,559 - watchfiles.main - INFO - 1 change detected
2025-05-04 05:25:15,559 - watchfiles.main - INFO - 1 change detected
2025-05-04 05:25:15,559 - watchfiles.main - INFO - 1 change detected
2025-05-04 05:25:15,930 - watchfiles.main - INFO - 1 change detected
2025-05-04 05:25:15,930 - watchfiles.main - INFO - 1 change detected
2025-05-04 05:25:15,930 - watchfiles.main - INFO - 1 change detected
2025-05-04 05:25:16,297 - watchfiles.main - INFO - 1 change detected
2025-05-04 05:25:16,297 - watchfiles.main - INFO - 1 change detected
2025-05-04 05:25:16,297 - watchfiles.main - INFO - 1 change detected
2025-05-04 05:25:16,653 - watchfiles.main - INFO - 1 change detected
2025-05-04 05:25:16,653 - watchfiles.main - INFO - 1 change detected
2025-05-04 05:25:16,653 - watchfiles.main - INFO - 1 change detected
2025-05-04 05:25:17,012 - watchfiles.main - INFO - 1 change detected
2025-05-04 05:25:17,012 - watchfiles.main - INFO - 1 change detected
2025-05-04 05:25:17,012 - watchfiles.main - INFO - 1 change detected
2025-05-04 05:25:17,368 - watchfiles.main - INFO - 1 change detected
2025-05-04 05:25:17,368 - watchfiles.main - INFO - 1 change detected
2025-05-04 05:25:17,368 - watchfiles.main - INFO - 1 change detected
2025-05-04 05:25:17,737 - watchfiles.main - INFO - 1 change detected
2025-05-04 05:25:17,737 - watchfiles.main - INFO - 1 change detected
2025-05-04 05:25:17,737 - watchfiles.main - INFO - 1 change detected
2025-05-04 05:25:18,093 - watchfiles.main - INFO - 1 change detected
2025-05-04 05:25:18,093 - watchfiles.main - INFO - 1 change detected
2025-05-04 05:25:18,093 - watchfiles.main - INFO - 1 change detected
2025-05-04 05:25:18,449 - watchfiles.main - INFO - 1 change detected
2025-05-04 05:25:18,449 - watchfiles.main - INFO - 1 change detected
2025-05-04 05:25:18,449 - watchfiles.main - INFO - 1 change detected
2025-05-04 05:25:18,810 - watchfiles.main - INFO - 1 change detected
2025-05-04 05:25:18,810 - watchfiles.main - INFO - 1 change detected
2025-05-04 05:25:18,810 - watchfiles.main - INFO - 1 change detected
2025-05-04 05:25:19,164 - watchfiles.main - INFO - 1 change detected
2025-05-04 05:25:19,164 - watchfiles.main - INFO - 1 change detected
2025-05-04 05:25:19,164 - watchfiles.main - INFO - 1 change detected
2025-05-04 05:25:19,521 - watchfiles.main - INFO - 1 change detected
2025-05-04 05:25:19,521 - watchfiles.main - INFO - 1 change detected
2025-05-04 05:25:19,521 - watchfiles.main - INFO - 1 change detected
2025-05-04 05:25:19,877 - watchfiles.main - INFO - 1 change detected
2025-05-04 05:25:19,877 - watchfiles.main - INFO - 1 change detected
2025-05-04 05:25:19,877 - watchfiles.main - INFO - 1 change detected
2025-05-04 05:25:20,240 - watchfiles.main - INFO - 1 change detected
2025-05-04 05:25:20,240 - watchfiles.main - INFO - 1 change detected
2025-05-04 05:25:20,240 - watchfiles.main - INFO - 1 change detected
2025-05-04 05:25:20,595 - watchfiles.main - INFO - 1 change detected
2025-05-04 05:25:20,595 - watchfiles.main - INFO - 1 change detected
2025-05-04 05:25:20,595 - watchfiles.main - INFO - 1 change detected
2025-05-04 05:25:20,951 - watchfiles.main - INFO - 1 change detected
2025-05-04 05:25:20,951 - watchfiles.main - INFO - 1 change detected
2025-05-04 05:25:20,951 - watchfiles.main - INFO - 1 change detected
2025-05-04 05:25:21,306 - watchfiles.main - INFO - 1 change detected
2025-05-04 05:25:21,306 - watchfiles.main - INFO - 1 change detected
2025-05-04 05:25:21,306 - watchfiles.main - INFO - 1 change detected
2025-05-04 05:25:21,670 - watchfiles.main - INFO - 1 change detected
2025-05-04 05:25:21,670 - watchfiles.main - INFO - 1 change detected
2025-05-04 05:25:21,670 - watchfiles.main - INFO - 1 change detected
2025-05-04 05:25:22,025 - watchfiles.main - INFO - 1 change detected
2025-05-04 05:25:22,025 - watchfiles.main - INFO - 1 change detected
2025-05-04 05:25:22,025 - watchfiles.main - INFO - 1 change detected
2025-05-04 05:25:22,383 - watchfiles.main - INFO - 1 change detected
2025-05-04 05:25:22,383 - watchfiles.main - INFO - 1 change detected
2025-05-04 05:25:22,383 - watchfiles.main - INFO - 1 change detected
2025-05-04 05:25:22,737 - watchfiles.main - INFO - 1 change detected
2025-05-04 05:25:22,737 - watchfiles.main - INFO - 1 change detected
2025-05-04 05:25:22,737 - watchfiles.main - INFO - 1 change detected
2025-05-04 05:25:23,094 - watchfiles.main - INFO - 1 change detected
2025-05-04 05:25:23,094 - watchfiles.main - INFO - 1 change detected
2025-05-04 05:25:23,094 - watchfiles.main - INFO - 1 change detected
2025-05-04 05:25:23,457 - watchfiles.main - INFO - 1 change detected
2025-05-04 05:25:23,457 - watchfiles.main - INFO - 1 change detected
2025-05-04 05:25:23,457 - watchfiles.main - INFO - 1 change detected
2025-05-04 05:25:23,813 - watchfiles.main - INFO - 1 change detected
2025-05-04 05:25:23,813 - watchfiles.main - INFO - 1 change detected
2025-05-04 05:25:23,813 - watchfiles.main - INFO - 1 change detected
2025-05-04 05:25:24,176 - watchfiles.main - INFO - 1 change detected
2025-05-04 05:25:24,176 - watchfiles.main - INFO - 1 change detected
2025-05-04 05:25:24,176 - watchfiles.main - INFO - 1 change detected
2025-05-04 05:25:24,532 - watchfiles.main - INFO - 1 change detected
2025-05-04 05:25:24,532 - watchfiles.main - INFO - 1 change detected
2025-05-04 05:25:24,532 - watchfiles.main - INFO - 1 change detected
2025-05-04 05:25:24,889 - watchfiles.main - INFO - 1 change detected
2025-05-04 05:25:24,889 - watchfiles.main - INFO - 1 change detected
2025-05-04 05:25:24,889 - watchfiles.main - INFO - 1 change detected
2025-05-04 05:25:25,288 - watchfiles.main - INFO - 1 change detected
2025-05-04 05:25:25,288 - watchfiles.main - INFO - 1 change detected
2025-05-04 05:25:25,288 - watchfiles.main - INFO - 1 change detected
2025-05-04 05:25:25,643 - watchfiles.main - INFO - 1 change detected
2025-05-04 05:25:25,643 - watchfiles.main - INFO - 1 change detected
2025-05-04 05:25:25,643 - watchfiles.main - INFO - 1 change detected
2025-05-04 05:25:26,000 - watchfiles.main - INFO - 1 change detected
2025-05-04 05:25:26,000 - watchfiles.main - INFO - 1 change detected
2025-05-04 05:25:26,000 - watchfiles.main - INFO - 1 change detected
2025-05-04 05:25:26,354 - watchfiles.main - INFO - 1 change detected
2025-05-04 05:25:26,354 - watchfiles.main - INFO - 1 change detected
2025-05-04 05:25:26,354 - watchfiles.main - INFO - 1 change detected
2025-05-04 05:25:26,708 - watchfiles.main - INFO - 1 change detected
2025-05-04 05:25:26,708 - watchfiles.main - INFO - 1 change detected
2025-05-04 05:25:26,708 - watchfiles.main - INFO - 1 change detected
2025-05-04 05:25:27,063 - watchfiles.main - INFO - 1 change detected
2025-05-04 05:25:27,063 - watchfiles.main - INFO - 1 change detected
2025-05-04 05:25:27,063 - watchfiles.main - INFO - 1 change detected
2025-05-04 05:25:27,418 - watchfiles.main - INFO - 1 change detected
2025-05-04 05:25:27,418 - watchfiles.main - INFO - 1 change detected
2025-05-04 05:25:27,418 - watchfiles.main - INFO - 1 change detected
2025-05-04 05:25:27,772 - watchfiles.main - INFO - 1 change detected
2025-05-04 05:25:27,772 - watchfiles.main - INFO - 1 change detected
2025-05-04 05:25:27,772 - watchfiles.main - INFO - 1 change detected
2025-05-04 05:25:28,128 - watchfiles.main - INFO - 1 change detected
2025-05-04 05:25:28,128 - watchfiles.main - INFO - 1 change detected
2025-05-04 05:25:28,128 - watchfiles.main - INFO - 1 change detected
2025-05-04 05:25:28,484 - watchfiles.main - INFO - 1 change detected
2025-05-04 05:25:28,484 - watchfiles.main - INFO - 1 change detected
2025-05-04 05:25:28,484 - watchfiles.main - INFO - 1 change detected
2025-05-04 05:25:28,843 - watchfiles.main - INFO - 1 change detected
2025-05-04 05:25:28,843 - watchfiles.main - INFO - 1 change detected
2025-05-04 05:25:28,843 - watchfiles.main - INFO - 1 change detected
2025-05-04 05:25:29,200 - watchfiles.main - INFO - 1 change detected
2025-05-04 05:25:29,200 - watchfiles.main - INFO - 1 change detected
2025-05-04 05:25:29,200 - watchfiles.main - INFO - 1 change detected
2025-05-04 05:25:29,558 - watchfiles.main - INFO - 1 change detected
2025-05-04 05:25:29,558 - watchfiles.main - INFO - 1 change detected
2025-05-04 05:25:29,558 - watchfiles.main - INFO - 1 change detected
2025-05-04 05:25:29,914 - watchfiles.main - INFO - 1 change detected
2025-05-04 05:25:29,914 - watchfiles.main - INFO - 1 change detected
2025-05-04 05:25:29,914 - watchfiles.main - INFO - 1 change detected
2025-05-04 05:25:30,271 - watchfiles.main - INFO - 1 change detected
2025-05-04 05:25:30,271 - watchfiles.main - INFO - 1 change detected
2025-05-04 05:25:30,271 - watchfiles.main - INFO - 1 change detected
2025-05-04 05:25:30,626 - watchfiles.main - INFO - 1 change detected
2025-05-04 05:25:30,626 - watchfiles.main - INFO - 1 change detected
2025-05-04 05:25:30,626 - watchfiles.main - INFO - 1 change detected
2025-05-04 05:25:30,981 - watchfiles.main - INFO - 1 change detected
2025-05-04 05:25:30,981 - watchfiles.main - INFO - 1 change detected
2025-05-04 05:25:30,981 - watchfiles.main - INFO - 1 change detected
2025-05-04 05:25:31,335 - watchfiles.main - INFO - 1 change detected
2025-05-04 05:25:31,335 - watchfiles.main - INFO - 1 change detected
2025-05-04 05:25:31,335 - watchfiles.main - INFO - 1 change detected
2025-05-04 05:25:31,690 - watchfiles.main - INFO - 1 change detected
2025-05-04 05:25:31,690 - watchfiles.main - INFO - 1 change detected
2025-05-04 05:25:31,690 - watchfiles.main - INFO - 1 change detected
2025-05-04 05:25:32,046 - watchfiles.main - INFO - 1 change detected
2025-05-04 05:25:32,046 - watchfiles.main - INFO - 1 change detected
2025-05-04 05:25:32,046 - watchfiles.main - INFO - 1 change detected
2025-05-04 05:25:32,402 - watchfiles.main - INFO - 1 change detected
2025-05-04 05:25:32,402 - watchfiles.main - INFO - 1 change detected
2025-05-04 05:25:32,402 - watchfiles.main - INFO - 1 change detected
2025-05-04 05:25:32,757 - watchfiles.main - INFO - 1 change detected
2025-05-04 05:25:32,757 - watchfiles.main - INFO - 1 change detected
2025-05-04 05:25:32,757 - watchfiles.main - INFO - 1 change detected
2025-05-04 05:25:33,112 - watchfiles.main - INFO - 1 change detected
2025-05-04 05:25:33,112 - watchfiles.main - INFO - 1 change detected
2025-05-04 05:25:33,112 - watchfiles.main - INFO - 1 change detected
2025-05-04 05:25:33,466 - watchfiles.main - INFO - 1 change detected
2025-05-04 05:25:33,466 - watchfiles.main - INFO - 1 change detected
2025-05-04 05:25:33,466 - watchfiles.main - INFO - 1 change detected
2025-05-04 05:25:33,822 - watchfiles.main - INFO - 1 change detected
2025-05-04 05:25:33,822 - watchfiles.main - INFO - 1 change detected
2025-05-04 05:25:33,822 - watchfiles.main - INFO - 1 change detected
2025-05-04 05:25:34,176 - watchfiles.main - INFO - 1 change detected
2025-05-04 05:25:34,176 - watchfiles.main - INFO - 1 change detected
2025-05-04 05:25:34,176 - watchfiles.main - INFO - 1 change detected
2025-05-04 05:25:34,533 - watchfiles.main - INFO - 1 change detected
2025-05-04 05:25:34,533 - watchfiles.main - INFO - 1 change detected
2025-05-04 05:25:34,533 - watchfiles.main - INFO - 1 change detected
2025-05-04 05:25:34,890 - watchfiles.main - INFO - 1 change detected
2025-05-04 05:25:34,890 - watchfiles.main - INFO - 1 change detected
2025-05-04 05:25:34,890 - watchfiles.main - INFO - 1 change detected
2025-05-04 05:25:35,250 - watchfiles.main - INFO - 1 change detected
2025-05-04 05:25:35,250 - watchfiles.main - INFO - 1 change detected
2025-05-04 05:25:35,250 - watchfiles.main - INFO - 1 change detected
2025-05-04 05:25:35,609 - watchfiles.main - INFO - 1 change detected
2025-05-04 05:25:35,609 - watchfiles.main - INFO - 1 change detected
2025-05-04 05:25:35,609 - watchfiles.main - INFO - 1 change detected
2025-05-04 05:25:35,995 - watchfiles.main - INFO - 1 change detected
2025-05-04 05:25:35,995 - watchfiles.main - INFO - 1 change detected
2025-05-04 05:25:35,995 - watchfiles.main - INFO - 1 change detected
2025-05-04 05:25:36,405 - watchfiles.main - INFO - 1 change detected
2025-05-04 05:25:36,405 - watchfiles.main - INFO - 1 change detected
2025-05-04 05:25:36,405 - watchfiles.main - INFO - 1 change detected
2025-05-04 05:25:36,796 - watchfiles.main - INFO - 1 change detected
2025-05-04 05:25:36,796 - watchfiles.main - INFO - 1 change detected
2025-05-04 05:25:36,796 - watchfiles.main - INFO - 1 change detected
2025-05-04 05:25:37,154 - watchfiles.main - INFO - 1 change detected
2025-05-04 05:25:37,154 - watchfiles.main - INFO - 1 change detected
2025-05-04 05:25:37,154 - watchfiles.main - INFO - 1 change detected
2025-05-04 05:25:37,530 - watchfiles.main - INFO - 1 change detected
2025-05-04 05:25:37,530 - watchfiles.main - INFO - 1 change detected
2025-05-04 05:25:37,530 - watchfiles.main - INFO - 1 change detected
2025-05-04 05:25:37,893 - watchfiles.main - INFO - 1 change detected
2025-05-04 05:25:37,893 - watchfiles.main - INFO - 1 change detected
2025-05-04 05:25:37,893 - watchfiles.main - INFO - 1 change detected
2025-05-04 05:25:38,260 - watchfiles.main - INFO - 1 change detected
2025-05-04 05:25:38,260 - watchfiles.main - INFO - 1 change detected
2025-05-04 05:25:38,260 - watchfiles.main - INFO - 1 change detected
2025-05-04 05:25:38,621 - watchfiles.main - INFO - 1 change detected
2025-05-04 05:25:38,621 - watchfiles.main - INFO - 1 change detected
2025-05-04 05:25:38,621 - watchfiles.main - INFO - 1 change detected
2025-05-04 05:25:38,977 - watchfiles.main - INFO - 1 change detected
2025-05-04 05:25:38,977 - watchfiles.main - INFO - 1 change detected
2025-05-04 05:25:38,977 - watchfiles.main - INFO - 1 change detected
2025-05-04 05:25:39,333 - watchfiles.main - INFO - 1 change detected
2025-05-04 05:25:39,333 - watchfiles.main - INFO - 1 change detected
2025-05-04 05:25:39,333 - watchfiles.main - INFO - 1 change detected
2025-05-04 05:25:39,689 - watchfiles.main - INFO - 1 change detected
2025-05-04 05:25:39,689 - watchfiles.main - INFO - 1 change detected
2025-05-04 05:25:39,689 - watchfiles.main - INFO - 1 change detected
2025-05-04 05:25:40,044 - watchfiles.main - INFO - 1 change detected
2025-05-04 05:25:40,044 - watchfiles.main - INFO - 1 change detected
2025-05-04 05:25:40,044 - watchfiles.main - INFO - 1 change detected
2025-05-04 05:25:40,399 - watchfiles.main - INFO - 1 change detected
2025-05-04 05:25:40,399 - watchfiles.main - INFO - 1 change detected
2025-05-04 05:25:40,399 - watchfiles.main - INFO - 1 change detected
2025-05-04 05:25:40,754 - watchfiles.main - INFO - 1 change detected
2025-05-04 05:25:40,754 - watchfiles.main - INFO - 1 change detected
2025-05-04 05:25:40,754 - watchfiles.main - INFO - 1 change detected
2025-05-04 05:25:41,109 - watchfiles.main - INFO - 1 change detected
2025-05-04 05:25:41,109 - watchfiles.main - INFO - 1 change detected
2025-05-04 05:25:41,109 - watchfiles.main - INFO - 1 change detected
2025-05-04 05:25:41,465 - watchfiles.main - INFO - 1 change detected
2025-05-04 05:25:41,465 - watchfiles.main - INFO - 1 change detected
2025-05-04 05:25:41,465 - watchfiles.main - INFO - 1 change detected
2025-05-04 05:25:41,819 - watchfiles.main - INFO - 1 change detected
2025-05-04 05:25:41,819 - watchfiles.main - INFO - 1 change detected
2025-05-04 05:25:41,819 - watchfiles.main - INFO - 1 change detected
2025-05-04 05:25:42,174 - watchfiles.main - INFO - 1 change detected
2025-05-04 05:25:42,174 - watchfiles.main - INFO - 1 change detected
2025-05-04 05:25:42,174 - watchfiles.main - INFO - 1 change detected
2025-05-04 05:25:42,530 - watchfiles.main - INFO - 1 change detected
2025-05-04 05:25:42,530 - watchfiles.main - INFO - 1 change detected
2025-05-04 05:25:42,530 - watchfiles.main - INFO - 1 change detected
2025-05-04 05:25:42,887 - watchfiles.main - INFO - 1 change detected
2025-05-04 05:25:42,887 - watchfiles.main - INFO - 1 change detected
2025-05-04 05:25:42,887 - watchfiles.main - INFO - 1 change detected
2025-05-04 05:25:43,242 - watchfiles.main - INFO - 1 change detected
2025-05-04 05:25:43,242 - watchfiles.main - INFO - 1 change detected
2025-05-04 05:25:43,242 - watchfiles.main - INFO - 1 change detected
2025-05-04 05:25:43,596 - watchfiles.main - INFO - 1 change detected
2025-05-04 05:25:43,596 - watchfiles.main - INFO - 1 change detected
2025-05-04 05:25:43,596 - watchfiles.main - INFO - 1 change detected
2025-05-04 05:25:43,950 - watchfiles.main - INFO - 1 change detected
2025-05-04 05:25:43,950 - watchfiles.main - INFO - 1 change detected
2025-05-04 05:25:43,950 - watchfiles.main - INFO - 1 change detected
2025-05-04 05:25:44,311 - watchfiles.main - INFO - 1 change detected
2025-05-04 05:25:44,311 - watchfiles.main - INFO - 1 change detected
2025-05-04 05:25:44,311 - watchfiles.main - INFO - 1 change detected
2025-05-04 05:25:44,665 - watchfiles.main - INFO - 1 change detected
2025-05-04 05:25:44,665 - watchfiles.main - INFO - 1 change detected
2025-05-04 05:25:44,665 - watchfiles.main - INFO - 1 change detected
2025-05-04 05:25:45,020 - watchfiles.main - INFO - 1 change detected
2025-05-04 05:25:45,020 - watchfiles.main - INFO - 1 change detected
2025-05-04 05:25:45,020 - watchfiles.main - INFO - 1 change detected
2025-05-04 05:25:45,381 - watchfiles.main - INFO - 1 change detected
2025-05-04 05:25:45,381 - watchfiles.main - INFO - 1 change detected
2025-05-04 05:25:45,381 - watchfiles.main - INFO - 1 change detected
2025-05-04 05:25:45,736 - watchfiles.main - INFO - 1 change detected
2025-05-04 05:25:45,736 - watchfiles.main - INFO - 1 change detected
2025-05-04 05:25:45,736 - watchfiles.main - INFO - 1 change detected
2025-05-04 05:25:46,092 - watchfiles.main - INFO - 1 change detected
2025-05-04 05:25:46,092 - watchfiles.main - INFO - 1 change detected
2025-05-04 05:25:46,092 - watchfiles.main - INFO - 1 change detected
2025-05-04 05:25:46,448 - watchfiles.main - INFO - 1 change detected
2025-05-04 05:25:46,448 - watchfiles.main - INFO - 1 change detected
2025-05-04 05:25:46,448 - watchfiles.main - INFO - 1 change detected
2025-05-04 05:25:46,803 - watchfiles.main - INFO - 1 change detected
2025-05-04 05:25:46,803 - watchfiles.main - INFO - 1 change detected
2025-05-04 05:25:46,803 - watchfiles.main - INFO - 1 change detected
2025-05-04 05:25:47,158 - watchfiles.main - INFO - 1 change detected
2025-05-04 05:25:47,158 - watchfiles.main - INFO - 1 change detected
2025-05-04 05:25:47,158 - watchfiles.main - INFO - 1 change detected
2025-05-04 05:25:47,513 - watchfiles.main - INFO - 1 change detected
2025-05-04 05:25:47,513 - watchfiles.main - INFO - 1 change detected
2025-05-04 05:25:47,513 - watchfiles.main - INFO - 1 change detected
2025-05-04 05:25:47,870 - watchfiles.main - INFO - 1 change detected
2025-05-04 05:25:47,870 - watchfiles.main - INFO - 1 change detected
2025-05-04 05:25:47,870 - watchfiles.main - INFO - 1 change detected
2025-05-04 05:25:48,225 - watchfiles.main - INFO - 1 change detected
2025-05-04 05:25:48,225 - watchfiles.main - INFO - 1 change detected
2025-05-04 05:25:48,225 - watchfiles.main - INFO - 1 change detected
2025-05-04 05:25:48,580 - watchfiles.main - INFO - 1 change detected
2025-05-04 05:25:48,580 - watchfiles.main - INFO - 1 change detected
2025-05-04 05:25:48,580 - watchfiles.main - INFO - 1 change detected
2025-05-04 05:25:48,934 - watchfiles.main - INFO - 1 change detected
2025-05-04 05:25:48,934 - watchfiles.main - INFO - 1 change detected
2025-05-04 05:25:48,934 - watchfiles.main - INFO - 1 change detected
2025-05-04 05:25:49,290 - watchfiles.main - INFO - 1 change detected
2025-05-04 05:25:49,290 - watchfiles.main - INFO - 1 change detected
2025-05-04 05:25:49,290 - watchfiles.main - INFO - 1 change detected
2025-05-04 05:25:49,647 - watchfiles.main - INFO - 1 change detected
2025-05-04 05:25:49,647 - watchfiles.main - INFO - 1 change detected
2025-05-04 05:25:49,647 - watchfiles.main - INFO - 1 change detected
2025-05-04 05:25:50,002 - watchfiles.main - INFO - 1 change detected
2025-05-04 05:25:50,002 - watchfiles.main - INFO - 1 change detected
2025-05-04 05:25:50,002 - watchfiles.main - INFO - 1 change detected
2025-05-04 05:25:50,358 - watchfiles.main - INFO - 1 change detected
2025-05-04 05:25:50,358 - watchfiles.main - INFO - 1 change detected
2025-05-04 05:25:50,358 - watchfiles.main - INFO - 1 change detected
2025-05-04 05:25:50,713 - watchfiles.main - INFO - 1 change detected
2025-05-04 05:25:50,713 - watchfiles.main - INFO - 1 change detected
2025-05-04 05:25:50,713 - watchfiles.main - INFO - 1 change detected
2025-05-04 05:25:51,067 - watchfiles.main - INFO - 1 change detected
2025-05-04 05:25:51,067 - watchfiles.main - INFO - 1 change detected
2025-05-04 05:25:51,067 - watchfiles.main - INFO - 1 change detected
2025-05-04 05:25:51,430 - watchfiles.main - INFO - 1 change detected
2025-05-04 05:25:51,430 - watchfiles.main - INFO - 1 change detected
2025-05-04 05:25:51,430 - watchfiles.main - INFO - 1 change detected
2025-05-04 05:25:51,786 - watchfiles.main - INFO - 1 change detected
2025-05-04 05:25:51,786 - watchfiles.main - INFO - 1 change detected
2025-05-04 05:25:51,786 - watchfiles.main - INFO - 1 change detected
2025-05-04 05:25:52,140 - watchfiles.main - INFO - 1 change detected
2025-05-04 05:25:52,140 - watchfiles.main - INFO - 1 change detected
2025-05-04 05:25:52,140 - watchfiles.main - INFO - 1 change detected
2025-05-04 05:25:52,496 - watchfiles.main - INFO - 1 change detected
2025-05-04 05:25:52,496 - watchfiles.main - INFO - 1 change detected
2025-05-04 05:25:52,496 - watchfiles.main - INFO - 1 change detected
2025-05-04 05:25:52,852 - watchfiles.main - INFO - 1 change detected
2025-05-04 05:25:52,852 - watchfiles.main - INFO - 1 change detected
2025-05-04 05:25:52,852 - watchfiles.main - INFO - 1 change detected
2025-05-04 05:25:53,206 - watchfiles.main - INFO - 1 change detected
2025-05-04 05:25:53,206 - watchfiles.main - INFO - 1 change detected
2025-05-04 05:25:53,206 - watchfiles.main - INFO - 1 change detected
2025-05-04 05:25:53,560 - watchfiles.main - INFO - 1 change detected
2025-05-04 05:25:53,560 - watchfiles.main - INFO - 1 change detected
2025-05-04 05:25:53,560 - watchfiles.main - INFO - 1 change detected
2025-05-04 05:25:53,916 - watchfiles.main - INFO - 1 change detected
2025-05-04 05:25:53,916 - watchfiles.main - INFO - 1 change detected
2025-05-04 05:25:53,916 - watchfiles.main - INFO - 1 change detected
2025-05-04 05:25:54,272 - watchfiles.main - INFO - 1 change detected
2025-05-04 05:25:54,272 - watchfiles.main - INFO - 1 change detected
2025-05-04 05:25:54,272 - watchfiles.main - INFO - 1 change detected
2025-05-04 05:25:54,637 - watchfiles.main - INFO - 1 change detected
2025-05-04 05:25:54,637 - watchfiles.main - INFO - 1 change detected
2025-05-04 05:25:54,637 - watchfiles.main - INFO - 1 change detected
2025-05-04 05:25:54,993 - watchfiles.main - INFO - 1 change detected
2025-05-04 05:25:54,993 - watchfiles.main - INFO - 1 change detected
2025-05-04 05:25:54,993 - watchfiles.main - INFO - 1 change detected
2025-05-04 05:25:55,348 - watchfiles.main - INFO - 1 change detected
2025-05-04 05:25:55,348 - watchfiles.main - INFO - 1 change detected
2025-05-04 05:25:55,348 - watchfiles.main - INFO - 1 change detected
2025-05-04 05:25:55,702 - watchfiles.main - INFO - 1 change detected
2025-05-04 05:25:55,702 - watchfiles.main - INFO - 1 change detected
2025-05-04 05:25:55,702 - watchfiles.main - INFO - 1 change detected
2025-05-04 05:25:56,057 - watchfiles.main - INFO - 1 change detected
2025-05-04 05:25:56,057 - watchfiles.main - INFO - 1 change detected
2025-05-04 05:25:56,057 - watchfiles.main - INFO - 1 change detected
2025-05-04 05:25:56,415 - watchfiles.main - INFO - 1 change detected
2025-05-04 05:25:56,415 - watchfiles.main - INFO - 1 change detected
2025-05-04 05:25:56,415 - watchfiles.main - INFO - 1 change detected
2025-05-04 05:25:56,773 - watchfiles.main - INFO - 1 change detected
2025-05-04 05:25:56,773 - watchfiles.main - INFO - 1 change detected
2025-05-04 05:25:56,773 - watchfiles.main - INFO - 1 change detected
2025-05-04 05:25:57,138 - watchfiles.main - INFO - 1 change detected
2025-05-04 05:25:57,138 - watchfiles.main - INFO - 1 change detected
2025-05-04 05:25:57,138 - watchfiles.main - INFO - 1 change detected
2025-05-04 05:25:57,502 - watchfiles.main - INFO - 1 change detected
2025-05-04 05:25:57,502 - watchfiles.main - INFO - 1 change detected
2025-05-04 05:25:57,502 - watchfiles.main - INFO - 1 change detected
2025-05-04 05:25:57,956 - watchfiles.main - INFO - 1 change detected
2025-05-04 05:25:57,956 - watchfiles.main - INFO - 1 change detected
2025-05-04 05:25:57,956 - watchfiles.main - INFO - 1 change detected
2025-05-04 05:25:58,316 - watchfiles.main - INFO - 1 change detected
2025-05-04 05:25:58,316 - watchfiles.main - INFO - 1 change detected
2025-05-04 05:25:58,316 - watchfiles.main - INFO - 1 change detected
2025-05-04 05:25:58,674 - watchfiles.main - INFO - 1 change detected
2025-05-04 05:25:58,674 - watchfiles.main - INFO - 1 change detected
2025-05-04 05:25:58,674 - watchfiles.main - INFO - 1 change detected
2025-05-04 05:25:59,034 - watchfiles.main - INFO - 1 change detected
2025-05-04 05:25:59,034 - watchfiles.main - INFO - 1 change detected
2025-05-04 05:25:59,034 - watchfiles.main - INFO - 1 change detected
2025-05-04 05:25:59,392 - watchfiles.main - INFO - 1 change detected
2025-05-04 05:25:59,392 - watchfiles.main - INFO - 1 change detected
2025-05-04 05:25:59,392 - watchfiles.main - INFO - 1 change detected
2025-05-04 05:25:59,747 - watchfiles.main - INFO - 1 change detected
2025-05-04 05:25:59,747 - watchfiles.main - INFO - 1 change detected
2025-05-04 05:25:59,747 - watchfiles.main - INFO - 1 change detected
2025-05-04 05:26:00,108 - watchfiles.main - INFO - 1 change detected
2025-05-04 05:26:00,108 - watchfiles.main - INFO - 1 change detected
2025-05-04 05:26:00,108 - watchfiles.main - INFO - 1 change detected
2025-05-04 05:26:00,467 - watchfiles.main - INFO - 1 change detected
2025-05-04 05:26:00,467 - watchfiles.main - INFO - 1 change detected
2025-05-04 05:26:00,467 - watchfiles.main - INFO - 1 change detected
2025-05-04 05:26:00,823 - watchfiles.main - INFO - 1 change detected
2025-05-04 05:26:00,823 - watchfiles.main - INFO - 1 change detected
2025-05-04 05:26:00,823 - watchfiles.main - INFO - 1 change detected
2025-05-04 05:26:01,190 - watchfiles.main - INFO - 1 change detected
2025-05-04 05:26:01,190 - watchfiles.main - INFO - 1 change detected
2025-05-04 05:26:01,190 - watchfiles.main - INFO - 1 change detected
2025-05-04 05:26:01,546 - watchfiles.main - INFO - 1 change detected
2025-05-04 05:26:01,546 - watchfiles.main - INFO - 1 change detected
2025-05-04 05:26:01,546 - watchfiles.main - INFO - 1 change detected
2025-05-04 05:26:01,909 - watchfiles.main - INFO - 1 change detected
2025-05-04 05:26:01,909 - watchfiles.main - INFO - 1 change detected
2025-05-04 05:26:01,909 - watchfiles.main - INFO - 1 change detected
2025-05-04 05:26:02,284 - watchfiles.main - INFO - 1 change detected
2025-05-04 05:26:02,284 - watchfiles.main - INFO - 1 change detected
2025-05-04 05:26:02,284 - watchfiles.main - INFO - 1 change detected
2025-05-04 05:26:02,641 - watchfiles.main - INFO - 1 change detected
2025-05-04 05:26:02,641 - watchfiles.main - INFO - 1 change detected
2025-05-04 05:26:02,641 - watchfiles.main - INFO - 1 change detected
2025-05-04 05:26:03,001 - watchfiles.main - INFO - 1 change detected
2025-05-04 05:26:03,001 - watchfiles.main - INFO - 1 change detected
2025-05-04 05:26:03,001 - watchfiles.main - INFO - 1 change detected
2025-05-04 05:26:03,361 - watchfiles.main - INFO - 1 change detected
2025-05-04 05:26:03,361 - watchfiles.main - INFO - 1 change detected
2025-05-04 05:26:03,361 - watchfiles.main - INFO - 1 change detected
2025-05-04 05:26:03,755 - watchfiles.main - INFO - 1 change detected
2025-05-04 05:26:03,755 - watchfiles.main - INFO - 1 change detected
2025-05-04 05:26:03,755 - watchfiles.main - INFO - 1 change detected
2025-05-04 05:26:04,111 - watchfiles.main - INFO - 1 change detected
2025-05-04 05:26:04,111 - watchfiles.main - INFO - 1 change detected
2025-05-04 05:26:04,111 - watchfiles.main - INFO - 1 change detected
2025-05-04 05:26:04,466 - watchfiles.main - INFO - 1 change detected
2025-05-04 05:26:04,466 - watchfiles.main - INFO - 1 change detected
2025-05-04 05:26:04,466 - watchfiles.main - INFO - 1 change detected
2025-05-04 05:26:04,821 - watchfiles.main - INFO - 1 change detected
2025-05-04 05:26:04,821 - watchfiles.main - INFO - 1 change detected
2025-05-04 05:26:04,821 - watchfiles.main - INFO - 1 change detected
2025-05-04 05:26:05,176 - watchfiles.main - INFO - 1 change detected
2025-05-04 05:26:05,176 - watchfiles.main - INFO - 1 change detected
2025-05-04 05:26:05,176 - watchfiles.main - INFO - 1 change detected
2025-05-04 05:26:05,531 - watchfiles.main - INFO - 1 change detected
2025-05-04 05:26:05,531 - watchfiles.main - INFO - 1 change detected
2025-05-04 05:26:05,531 - watchfiles.main - INFO - 1 change detected
2025-05-04 05:26:05,888 - watchfiles.main - INFO - 1 change detected
2025-05-04 05:26:05,888 - watchfiles.main - INFO - 1 change detected
2025-05-04 05:26:05,888 - watchfiles.main - INFO - 1 change detected
2025-05-04 05:26:06,245 - watchfiles.main - INFO - 1 change detected
2025-05-04 05:26:06,245 - watchfiles.main - INFO - 1 change detected
2025-05-04 05:26:06,245 - watchfiles.main - INFO - 1 change detected
2025-05-04 05:26:06,600 - watchfiles.main - INFO - 1 change detected
2025-05-04 05:26:06,600 - watchfiles.main - INFO - 1 change detected
2025-05-04 05:26:06,600 - watchfiles.main - INFO - 1 change detected
2025-05-04 05:26:06,955 - watchfiles.main - INFO - 1 change detected
2025-05-04 05:26:06,955 - watchfiles.main - INFO - 1 change detected
2025-05-04 05:26:06,955 - watchfiles.main - INFO - 1 change detected
2025-05-04 05:26:07,311 - watchfiles.main - INFO - 1 change detected
2025-05-04 05:26:07,311 - watchfiles.main - INFO - 1 change detected
2025-05-04 05:26:07,311 - watchfiles.main - INFO - 1 change detected
2025-05-04 05:26:07,666 - watchfiles.main - INFO - 1 change detected
2025-05-04 05:26:07,666 - watchfiles.main - INFO - 1 change detected
2025-05-04 05:26:07,666 - watchfiles.main - INFO - 1 change detected
2025-05-04 05:26:08,022 - watchfiles.main - INFO - 1 change detected
2025-05-04 05:26:08,022 - watchfiles.main - INFO - 1 change detected
2025-05-04 05:26:08,022 - watchfiles.main - INFO - 1 change detected
2025-05-04 05:26:08,377 - watchfiles.main - INFO - 1 change detected
2025-05-04 05:26:08,377 - watchfiles.main - INFO - 1 change detected
2025-05-04 05:26:08,377 - watchfiles.main - INFO - 1 change detected
2025-05-04 05:26:08,732 - watchfiles.main - INFO - 1 change detected
2025-05-04 05:26:08,732 - watchfiles.main - INFO - 1 change detected
2025-05-04 05:26:08,732 - watchfiles.main - INFO - 1 change detected
2025-05-04 05:26:09,087 - watchfiles.main - INFO - 1 change detected
2025-05-04 05:26:09,087 - watchfiles.main - INFO - 1 change detected
2025-05-04 05:26:09,087 - watchfiles.main - INFO - 1 change detected
2025-05-04 05:26:09,443 - watchfiles.main - INFO - 1 change detected
2025-05-04 05:26:09,443 - watchfiles.main - INFO - 1 change detected
2025-05-04 05:26:09,443 - watchfiles.main - INFO - 1 change detected
2025-05-04 05:26:09,797 - watchfiles.main - INFO - 1 change detected
2025-05-04 05:26:09,797 - watchfiles.main - INFO - 1 change detected
2025-05-04 05:26:09,797 - watchfiles.main - INFO - 1 change detected
2025-05-04 05:26:10,152 - watchfiles.main - INFO - 1 change detected
2025-05-04 05:26:10,152 - watchfiles.main - INFO - 1 change detected
2025-05-04 05:26:10,152 - watchfiles.main - INFO - 1 change detected
2025-05-04 05:26:10,507 - watchfiles.main - INFO - 1 change detected
2025-05-04 05:26:10,507 - watchfiles.main - INFO - 1 change detected
2025-05-04 05:26:10,507 - watchfiles.main - INFO - 1 change detected
2025-05-04 05:26:10,861 - watchfiles.main - INFO - 1 change detected
2025-05-04 05:26:10,861 - watchfiles.main - INFO - 1 change detected
2025-05-04 05:26:10,861 - watchfiles.main - INFO - 1 change detected
2025-05-04 05:26:11,216 - watchfiles.main - INFO - 1 change detected
2025-05-04 05:26:11,216 - watchfiles.main - INFO - 1 change detected
2025-05-04 05:26:11,216 - watchfiles.main - INFO - 1 change detected
2025-05-04 05:26:11,578 - watchfiles.main - INFO - 1 change detected
2025-05-04 05:26:11,578 - watchfiles.main - INFO - 1 change detected
2025-05-04 05:26:11,578 - watchfiles.main - INFO - 1 change detected
2025-05-04 05:26:11,934 - watchfiles.main - INFO - 1 change detected
2025-05-04 05:26:11,934 - watchfiles.main - INFO - 1 change detected
2025-05-04 05:26:11,934 - watchfiles.main - INFO - 1 change detected
2025-05-04 05:26:12,289 - watchfiles.main - INFO - 1 change detected
2025-05-04 05:26:12,289 - watchfiles.main - INFO - 1 change detected
2025-05-04 05:26:12,289 - watchfiles.main - INFO - 1 change detected
2025-05-04 05:26:12,645 - watchfiles.main - INFO - 1 change detected
2025-05-04 05:26:12,645 - watchfiles.main - INFO - 1 change detected
2025-05-04 05:26:12,645 - watchfiles.main - INFO - 1 change detected
2025-05-04 05:26:12,999 - watchfiles.main - INFO - 1 change detected
2025-05-04 05:26:12,999 - watchfiles.main - INFO - 1 change detected
2025-05-04 05:26:12,999 - watchfiles.main - INFO - 1 change detected
2025-05-04 05:26:13,354 - watchfiles.main - INFO - 1 change detected
2025-05-04 05:26:13,354 - watchfiles.main - INFO - 1 change detected
2025-05-04 05:26:13,354 - watchfiles.main - INFO - 1 change detected
2025-05-04 05:26:13,709 - watchfiles.main - INFO - 1 change detected
2025-05-04 05:26:13,709 - watchfiles.main - INFO - 1 change detected
2025-05-04 05:26:13,709 - watchfiles.main - INFO - 1 change detected
2025-05-04 05:26:14,064 - watchfiles.main - INFO - 1 change detected
2025-05-04 05:26:14,064 - watchfiles.main - INFO - 1 change detected
2025-05-04 05:26:14,064 - watchfiles.main - INFO - 1 change detected
2025-05-04 05:26:14,418 - watchfiles.main - INFO - 1 change detected
2025-05-04 05:26:14,418 - watchfiles.main - INFO - 1 change detected
2025-05-04 05:26:14,418 - watchfiles.main - INFO - 1 change detected
2025-05-04 05:26:14,775 - watchfiles.main - INFO - 1 change detected
2025-05-04 05:26:14,775 - watchfiles.main - INFO - 1 change detected
2025-05-04 05:26:14,775 - watchfiles.main - INFO - 1 change detected
2025-05-04 05:26:15,131 - watchfiles.main - INFO - 1 change detected
2025-05-04 05:26:15,131 - watchfiles.main - INFO - 1 change detected
2025-05-04 05:26:15,131 - watchfiles.main - INFO - 1 change detected
2025-05-04 05:26:15,486 - watchfiles.main - INFO - 1 change detected
2025-05-04 05:26:15,486 - watchfiles.main - INFO - 1 change detected
2025-05-04 05:26:15,486 - watchfiles.main - INFO - 1 change detected
2025-05-04 05:26:15,841 - watchfiles.main - INFO - 1 change detected
2025-05-04 05:26:15,841 - watchfiles.main - INFO - 1 change detected
2025-05-04 05:26:15,841 - watchfiles.main - INFO - 1 change detected
2025-05-04 05:26:16,195 - watchfiles.main - INFO - 1 change detected
2025-05-04 05:26:16,195 - watchfiles.main - INFO - 1 change detected
2025-05-04 05:26:16,195 - watchfiles.main - INFO - 1 change detected
2025-05-04 05:26:16,551 - watchfiles.main - INFO - 1 change detected
2025-05-04 05:26:16,551 - watchfiles.main - INFO - 1 change detected
2025-05-04 05:26:16,551 - watchfiles.main - INFO - 1 change detected
2025-05-04 05:26:16,908 - watchfiles.main - INFO - 1 change detected
2025-05-04 05:26:16,908 - watchfiles.main - INFO - 1 change detected
2025-05-04 05:26:16,908 - watchfiles.main - INFO - 1 change detected
2025-05-04 05:26:17,263 - watchfiles.main - INFO - 1 change detected
2025-05-04 05:26:17,263 - watchfiles.main - INFO - 1 change detected
2025-05-04 05:26:17,263 - watchfiles.main - INFO - 1 change detected
2025-05-04 05:26:17,619 - watchfiles.main - INFO - 1 change detected
2025-05-04 05:26:17,619 - watchfiles.main - INFO - 1 change detected
2025-05-04 05:26:17,619 - watchfiles.main - INFO - 1 change detected
2025-05-04 05:26:17,974 - watchfiles.main - INFO - 1 change detected
2025-05-04 05:26:17,974 - watchfiles.main - INFO - 1 change detected
2025-05-04 05:26:17,974 - watchfiles.main - INFO - 1 change detected
2025-05-04 05:26:18,329 - watchfiles.main - INFO - 1 change detected
2025-05-04 05:26:18,329 - watchfiles.main - INFO - 1 change detected
2025-05-04 05:26:18,329 - watchfiles.main - INFO - 1 change detected
2025-05-04 05:26:18,686 - watchfiles.main - INFO - 1 change detected
2025-05-04 05:26:18,686 - watchfiles.main - INFO - 1 change detected
2025-05-04 05:26:18,686 - watchfiles.main - INFO - 1 change detected
2025-05-04 05:26:19,041 - watchfiles.main - INFO - 1 change detected
2025-05-04 05:26:19,041 - watchfiles.main - INFO - 1 change detected
2025-05-04 05:26:19,041 - watchfiles.main - INFO - 1 change detected
2025-05-04 05:26:19,397 - watchfiles.main - INFO - 1 change detected
2025-05-04 05:26:19,397 - watchfiles.main - INFO - 1 change detected
2025-05-04 05:26:19,397 - watchfiles.main - INFO - 1 change detected
2025-05-04 05:26:19,756 - watchfiles.main - INFO - 1 change detected
2025-05-04 05:26:19,756 - watchfiles.main - INFO - 1 change detected
2025-05-04 05:26:19,756 - watchfiles.main - INFO - 1 change detected
2025-05-04 05:26:20,111 - watchfiles.main - INFO - 1 change detected
2025-05-04 05:26:20,111 - watchfiles.main - INFO - 1 change detected
2025-05-04 05:26:20,111 - watchfiles.main - INFO - 1 change detected
2025-05-04 05:26:20,468 - watchfiles.main - INFO - 1 change detected
2025-05-04 05:26:20,468 - watchfiles.main - INFO - 1 change detected
2025-05-04 05:26:20,468 - watchfiles.main - INFO - 1 change detected
2025-05-04 05:26:20,823 - watchfiles.main - INFO - 1 change detected
2025-05-04 05:26:20,823 - watchfiles.main - INFO - 1 change detected
2025-05-04 05:26:20,823 - watchfiles.main - INFO - 1 change detected
2025-05-04 05:26:21,179 - watchfiles.main - INFO - 1 change detected
2025-05-04 05:26:21,179 - watchfiles.main - INFO - 1 change detected
2025-05-04 05:26:21,179 - watchfiles.main - INFO - 1 change detected
2025-05-04 05:26:21,534 - watchfiles.main - INFO - 1 change detected
2025-05-04 05:26:21,534 - watchfiles.main - INFO - 1 change detected
2025-05-04 05:26:21,534 - watchfiles.main - INFO - 1 change detected
2025-05-04 05:26:21,890 - watchfiles.main - INFO - 1 change detected
2025-05-04 05:26:21,890 - watchfiles.main - INFO - 1 change detected
2025-05-04 05:26:21,890 - watchfiles.main - INFO - 1 change detected
2025-05-04 05:26:22,246 - watchfiles.main - INFO - 1 change detected
2025-05-04 05:26:22,246 - watchfiles.main - INFO - 1 change detected
2025-05-04 05:26:22,246 - watchfiles.main - INFO - 1 change detected
2025-05-04 05:26:22,601 - watchfiles.main - INFO - 1 change detected
2025-05-04 05:26:22,601 - watchfiles.main - INFO - 1 change detected
2025-05-04 05:26:22,601 - watchfiles.main - INFO - 1 change detected
2025-05-04 05:26:22,956 - watchfiles.main - INFO - 1 change detected
2025-05-04 05:26:22,956 - watchfiles.main - INFO - 1 change detected
2025-05-04 05:26:22,956 - watchfiles.main - INFO - 1 change detected
2025-05-04 05:26:23,315 - watchfiles.main - INFO - 1 change detected
2025-05-04 05:26:23,315 - watchfiles.main - INFO - 1 change detected
2025-05-04 05:26:23,315 - watchfiles.main - INFO - 1 change detected
2025-05-04 05:26:23,669 - watchfiles.main - INFO - 1 change detected
2025-05-04 05:26:23,669 - watchfiles.main - INFO - 1 change detected
2025-05-04 05:26:23,669 - watchfiles.main - INFO - 1 change detected
2025-05-04 05:26:24,024 - watchfiles.main - INFO - 1 change detected
2025-05-04 05:26:24,024 - watchfiles.main - INFO - 1 change detected
2025-05-04 05:26:24,024 - watchfiles.main - INFO - 1 change detected
2025-05-04 05:26:24,379 - watchfiles.main - INFO - 1 change detected
2025-05-04 05:26:24,379 - watchfiles.main - INFO - 1 change detected
2025-05-04 05:26:24,379 - watchfiles.main - INFO - 1 change detected
2025-05-04 05:26:24,734 - watchfiles.main - INFO - 1 change detected
2025-05-04 05:26:24,734 - watchfiles.main - INFO - 1 change detected
2025-05-04 05:26:24,734 - watchfiles.main - INFO - 1 change detected
2025-05-04 05:26:25,091 - watchfiles.main - INFO - 1 change detected
2025-05-04 05:26:25,091 - watchfiles.main - INFO - 1 change detected
2025-05-04 05:26:25,091 - watchfiles.main - INFO - 1 change detected
2025-05-04 05:26:25,445 - watchfiles.main - INFO - 1 change detected
2025-05-04 05:26:25,445 - watchfiles.main - INFO - 1 change detected
2025-05-04 05:26:25,445 - watchfiles.main - INFO - 1 change detected
2025-05-04 05:26:25,799 - watchfiles.main - INFO - 1 change detected
2025-05-04 05:26:25,799 - watchfiles.main - INFO - 1 change detected
2025-05-04 05:26:25,799 - watchfiles.main - INFO - 1 change detected
2025-05-04 05:26:26,155 - watchfiles.main - INFO - 1 change detected
2025-05-04 05:26:26,155 - watchfiles.main - INFO - 1 change detected
2025-05-04 05:26:26,155 - watchfiles.main - INFO - 1 change detected
2025-05-04 05:26:26,510 - watchfiles.main - INFO - 1 change detected
2025-05-04 05:26:26,510 - watchfiles.main - INFO - 1 change detected
2025-05-04 05:26:26,510 - watchfiles.main - INFO - 1 change detected
2025-05-04 05:26:26,866 - watchfiles.main - INFO - 1 change detected
2025-05-04 05:26:26,866 - watchfiles.main - INFO - 1 change detected
2025-05-04 05:26:26,866 - watchfiles.main - INFO - 1 change detected
2025-05-04 05:26:27,227 - watchfiles.main - INFO - 1 change detected
2025-05-04 05:26:27,227 - watchfiles.main - INFO - 1 change detected
2025-05-04 05:26:27,227 - watchfiles.main - INFO - 1 change detected
2025-05-04 05:26:27,581 - watchfiles.main - INFO - 1 change detected
2025-05-04 05:26:27,581 - watchfiles.main - INFO - 1 change detected
2025-05-04 05:26:27,581 - watchfiles.main - INFO - 1 change detected
2025-05-04 05:26:27,936 - watchfiles.main - INFO - 1 change detected
2025-05-04 05:26:27,936 - watchfiles.main - INFO - 1 change detected
2025-05-04 05:26:27,936 - watchfiles.main - INFO - 1 change detected
2025-05-04 05:26:28,292 - watchfiles.main - INFO - 1 change detected
2025-05-04 05:26:28,292 - watchfiles.main - INFO - 1 change detected
2025-05-04 05:26:28,292 - watchfiles.main - INFO - 1 change detected
2025-05-04 05:26:28,647 - watchfiles.main - INFO - 1 change detected
2025-05-04 05:26:28,647 - watchfiles.main - INFO - 1 change detected
2025-05-04 05:26:28,647 - watchfiles.main - INFO - 1 change detected
2025-05-04 05:26:29,003 - watchfiles.main - INFO - 1 change detected
2025-05-04 05:26:29,003 - watchfiles.main - INFO - 1 change detected
2025-05-04 05:26:29,003 - watchfiles.main - INFO - 1 change detected
2025-05-04 05:26:29,359 - watchfiles.main - INFO - 1 change detected
2025-05-04 05:26:29,359 - watchfiles.main - INFO - 1 change detected
2025-05-04 05:26:29,359 - watchfiles.main - INFO - 1 change detected
2025-05-04 05:26:29,716 - watchfiles.main - INFO - 1 change detected
2025-05-04 05:26:29,716 - watchfiles.main - INFO - 1 change detected
2025-05-04 05:26:29,716 - watchfiles.main - INFO - 1 change detected
2025-05-04 05:26:30,072 - watchfiles.main - INFO - 1 change detected
2025-05-04 05:26:30,072 - watchfiles.main - INFO - 1 change detected
2025-05-04 05:26:30,072 - watchfiles.main - INFO - 1 change detected
2025-05-04 05:26:30,426 - watchfiles.main - INFO - 1 change detected
2025-05-04 05:26:30,426 - watchfiles.main - INFO - 1 change detected
2025-05-04 05:26:30,426 - watchfiles.main - INFO - 1 change detected
2025-05-04 05:26:30,781 - watchfiles.main - INFO - 1 change detected
2025-05-04 05:26:30,781 - watchfiles.main - INFO - 1 change detected
2025-05-04 05:26:30,781 - watchfiles.main - INFO - 1 change detected
2025-05-04 05:26:31,135 - watchfiles.main - INFO - 1 change detected
2025-05-04 05:26:31,135 - watchfiles.main - INFO - 1 change detected
2025-05-04 05:26:31,135 - watchfiles.main - INFO - 1 change detected
2025-05-04 05:26:31,490 - watchfiles.main - INFO - 1 change detected
2025-05-04 05:26:31,490 - watchfiles.main - INFO - 1 change detected
2025-05-04 05:26:31,490 - watchfiles.main - INFO - 1 change detected
2025-05-04 05:26:31,846 - watchfiles.main - INFO - 1 change detected
2025-05-04 05:26:31,846 - watchfiles.main - INFO - 1 change detected
2025-05-04 05:26:31,846 - watchfiles.main - INFO - 1 change detected
2025-05-04 05:26:32,200 - watchfiles.main - INFO - 1 change detected
2025-05-04 05:26:32,200 - watchfiles.main - INFO - 1 change detected
2025-05-04 05:26:32,200 - watchfiles.main - INFO - 1 change detected
2025-05-04 05:26:32,556 - watchfiles.main - INFO - 1 change detected
2025-05-04 05:26:32,556 - watchfiles.main - INFO - 1 change detected
2025-05-04 05:26:32,556 - watchfiles.main - INFO - 1 change detected
2025-05-04 05:26:32,911 - watchfiles.main - INFO - 1 change detected
2025-05-04 05:26:32,911 - watchfiles.main - INFO - 1 change detected
2025-05-04 05:26:32,911 - watchfiles.main - INFO - 1 change detected
2025-05-04 05:26:33,266 - watchfiles.main - INFO - 1 change detected
2025-05-04 05:26:33,266 - watchfiles.main - INFO - 1 change detected
2025-05-04 05:26:33,266 - watchfiles.main - INFO - 1 change detected
2025-05-04 05:26:33,626 - watchfiles.main - INFO - 1 change detected
2025-05-04 05:26:33,626 - watchfiles.main - INFO - 1 change detected
2025-05-04 05:26:33,626 - watchfiles.main - INFO - 1 change detected
2025-05-04 05:26:33,982 - watchfiles.main - INFO - 1 change detected
2025-05-04 05:26:33,982 - watchfiles.main - INFO - 1 change detected
2025-05-04 05:26:33,982 - watchfiles.main - INFO - 1 change detected
2025-05-04 05:26:34,337 - watchfiles.main - INFO - 1 change detected
2025-05-04 05:26:34,337 - watchfiles.main - INFO - 1 change detected
2025-05-04 05:26:34,337 - watchfiles.main - INFO - 1 change detected
2025-05-04 05:26:34,700 - watchfiles.main - INFO - 1 change detected
2025-05-04 05:26:34,700 - watchfiles.main - INFO - 1 change detected
2025-05-04 05:26:34,700 - watchfiles.main - INFO - 1 change detected
2025-05-04 05:26:35,069 - watchfiles.main - INFO - 1 change detected
2025-05-04 05:26:35,069 - watchfiles.main - INFO - 1 change detected
2025-05-04 05:26:35,069 - watchfiles.main - INFO - 1 change detected
2025-05-04 05:26:35,425 - watchfiles.main - INFO - 1 change detected
2025-05-04 05:26:35,425 - watchfiles.main - INFO - 1 change detected
2025-05-04 05:26:35,425 - watchfiles.main - INFO - 1 change detected
2025-05-04 05:26:35,783 - watchfiles.main - INFO - 1 change detected
2025-05-04 05:26:35,783 - watchfiles.main - INFO - 1 change detected
2025-05-04 05:26:35,783 - watchfiles.main - INFO - 1 change detected
2025-05-04 05:26:36,144 - watchfiles.main - INFO - 1 change detected
2025-05-04 05:26:36,144 - watchfiles.main - INFO - 1 change detected
2025-05-04 05:26:36,144 - watchfiles.main - INFO - 1 change detected
2025-05-04 05:26:36,550 - watchfiles.main - INFO - 1 change detected
2025-05-04 05:26:36,550 - watchfiles.main - INFO - 1 change detected
2025-05-04 05:26:36,550 - watchfiles.main - INFO - 1 change detected
2025-05-04 05:26:36,905 - watchfiles.main - INFO - 1 change detected
2025-05-04 05:26:36,905 - watchfiles.main - INFO - 1 change detected
2025-05-04 05:26:36,905 - watchfiles.main - INFO - 1 change detected
2025-05-04 05:26:37,259 - watchfiles.main - INFO - 1 change detected
2025-05-04 05:26:37,259 - watchfiles.main - INFO - 1 change detected
2025-05-04 05:26:37,259 - watchfiles.main - INFO - 1 change detected
2025-05-04 05:26:37,615 - watchfiles.main - INFO - 1 change detected
2025-05-04 05:26:37,615 - watchfiles.main - INFO - 1 change detected
2025-05-04 05:26:37,615 - watchfiles.main - INFO - 1 change detected
2025-05-04 05:26:37,970 - watchfiles.main - INFO - 1 change detected
2025-05-04 05:26:37,970 - watchfiles.main - INFO - 1 change detected
2025-05-04 05:26:37,970 - watchfiles.main - INFO - 1 change detected
2025-05-04 05:26:38,325 - watchfiles.main - INFO - 1 change detected
2025-05-04 05:26:38,325 - watchfiles.main - INFO - 1 change detected
2025-05-04 05:26:38,325 - watchfiles.main - INFO - 1 change detected
2025-05-04 05:26:38,680 - watchfiles.main - INFO - 1 change detected
2025-05-04 05:26:38,680 - watchfiles.main - INFO - 1 change detected
2025-05-04 05:26:38,680 - watchfiles.main - INFO - 1 change detected
2025-05-04 05:26:39,040 - watchfiles.main - INFO - 1 change detected
2025-05-04 05:26:39,040 - watchfiles.main - INFO - 1 change detected
2025-05-04 05:26:39,040 - watchfiles.main - INFO - 1 change detected
2025-05-04 05:26:39,394 - watchfiles.main - INFO - 1 change detected
2025-05-04 05:26:39,394 - watchfiles.main - INFO - 1 change detected
2025-05-04 05:26:39,394 - watchfiles.main - INFO - 1 change detected
2025-05-04 05:26:39,749 - watchfiles.main - INFO - 1 change detected
2025-05-04 05:26:39,749 - watchfiles.main - INFO - 1 change detected
2025-05-04 05:26:39,749 - watchfiles.main - INFO - 1 change detected
2025-05-04 05:26:40,103 - watchfiles.main - INFO - 1 change detected
2025-05-04 05:26:40,103 - watchfiles.main - INFO - 1 change detected
2025-05-04 05:26:40,103 - watchfiles.main - INFO - 1 change detected
2025-05-04 05:26:40,458 - watchfiles.main - INFO - 1 change detected
2025-05-04 05:26:40,458 - watchfiles.main - INFO - 1 change detected
2025-05-04 05:26:40,458 - watchfiles.main - INFO - 1 change detected
2025-05-04 05:26:40,813 - watchfiles.main - INFO - 1 change detected
2025-05-04 05:26:40,813 - watchfiles.main - INFO - 1 change detected
2025-05-04 05:26:40,813 - watchfiles.main - INFO - 1 change detected
2025-05-04 05:26:41,169 - watchfiles.main - INFO - 1 change detected
2025-05-04 05:26:41,169 - watchfiles.main - INFO - 1 change detected
2025-05-04 05:26:41,169 - watchfiles.main - INFO - 1 change detected
2025-05-04 05:26:41,524 - watchfiles.main - INFO - 1 change detected
2025-05-04 05:26:41,524 - watchfiles.main - INFO - 1 change detected
2025-05-04 05:26:41,524 - watchfiles.main - INFO - 1 change detected
2025-05-04 05:26:41,880 - watchfiles.main - INFO - 1 change detected
2025-05-04 05:26:41,880 - watchfiles.main - INFO - 1 change detected
2025-05-04 05:26:41,880 - watchfiles.main - INFO - 1 change detected
2025-05-04 05:26:42,239 - watchfiles.main - INFO - 1 change detected
2025-05-04 05:26:42,239 - watchfiles.main - INFO - 1 change detected
2025-05-04 05:26:42,239 - watchfiles.main - INFO - 1 change detected
2025-05-04 05:26:42,594 - watchfiles.main - INFO - 1 change detected
2025-05-04 05:26:42,594 - watchfiles.main - INFO - 1 change detected
2025-05-04 05:26:42,594 - watchfiles.main - INFO - 1 change detected
2025-05-04 05:26:42,950 - watchfiles.main - INFO - 1 change detected
2025-05-04 05:26:42,950 - watchfiles.main - INFO - 1 change detected
2025-05-04 05:26:42,950 - watchfiles.main - INFO - 1 change detected
2025-05-04 05:26:43,305 - watchfiles.main - INFO - 1 change detected
2025-05-04 05:26:43,305 - watchfiles.main - INFO - 1 change detected
2025-05-04 05:26:43,305 - watchfiles.main - INFO - 1 change detected
2025-05-04 05:26:43,661 - watchfiles.main - INFO - 1 change detected
2025-05-04 05:26:43,661 - watchfiles.main - INFO - 1 change detected
2025-05-04 05:26:43,661 - watchfiles.main - INFO - 1 change detected
2025-05-04 05:26:44,016 - watchfiles.main - INFO - 1 change detected
2025-05-04 05:26:44,016 - watchfiles.main - INFO - 1 change detected
2025-05-04 05:26:44,016 - watchfiles.main - INFO - 1 change detected
2025-05-04 05:26:44,376 - watchfiles.main - INFO - 1 change detected
2025-05-04 05:26:44,376 - watchfiles.main - INFO - 1 change detected
2025-05-04 05:26:44,376 - watchfiles.main - INFO - 1 change detected
2025-05-04 05:26:44,751 - watchfiles.main - INFO - 1 change detected
2025-05-04 05:26:44,751 - watchfiles.main - INFO - 1 change detected
2025-05-04 05:26:44,751 - watchfiles.main - INFO - 1 change detected
2025-05-04 05:26:45,110 - watchfiles.main - INFO - 1 change detected
2025-05-04 05:26:45,110 - watchfiles.main - INFO - 1 change detected
2025-05-04 05:26:45,110 - watchfiles.main - INFO - 1 change detected
2025-05-04 05:26:45,473 - watchfiles.main - INFO - 1 change detected
2025-05-04 05:26:45,473 - watchfiles.main - INFO - 1 change detected
2025-05-04 05:26:45,473 - watchfiles.main - INFO - 1 change detected
2025-05-04 05:26:45,844 - watchfiles.main - INFO - 1 change detected
2025-05-04 05:26:45,844 - watchfiles.main - INFO - 1 change detected
2025-05-04 05:26:45,844 - watchfiles.main - INFO - 1 change detected
2025-05-04 05:26:46,203 - watchfiles.main - INFO - 1 change detected
2025-05-04 05:26:46,203 - watchfiles.main - INFO - 1 change detected
2025-05-04 05:26:46,203 - watchfiles.main - INFO - 1 change detected
2025-05-04 05:26:46,561 - watchfiles.main - INFO - 1 change detected
2025-05-04 05:26:46,561 - watchfiles.main - INFO - 1 change detected
2025-05-04 05:26:46,561 - watchfiles.main - INFO - 1 change detected
2025-05-04 05:26:46,916 - watchfiles.main - INFO - 1 change detected
2025-05-04 05:26:46,916 - watchfiles.main - INFO - 1 change detected
2025-05-04 05:26:46,916 - watchfiles.main - INFO - 1 change detected
2025-05-04 05:26:47,271 - watchfiles.main - INFO - 1 change detected
2025-05-04 05:26:47,271 - watchfiles.main - INFO - 1 change detected
2025-05-04 05:26:47,271 - watchfiles.main - INFO - 1 change detected
2025-05-04 05:26:47,626 - watchfiles.main - INFO - 1 change detected
2025-05-04 05:26:47,626 - watchfiles.main - INFO - 1 change detected
2025-05-04 05:26:47,626 - watchfiles.main - INFO - 1 change detected
2025-05-04 05:26:47,980 - watchfiles.main - INFO - 1 change detected
2025-05-04 05:26:47,980 - watchfiles.main - INFO - 1 change detected
2025-05-04 05:26:47,980 - watchfiles.main - INFO - 1 change detected
2025-05-04 05:26:48,342 - watchfiles.main - INFO - 1 change detected
2025-05-04 05:26:48,342 - watchfiles.main - INFO - 1 change detected
2025-05-04 05:26:48,342 - watchfiles.main - INFO - 1 change detected
2025-05-04 05:26:48,724 - watchfiles.main - INFO - 1 change detected
2025-05-04 05:26:48,724 - watchfiles.main - INFO - 1 change detected
2025-05-04 05:26:48,724 - watchfiles.main - INFO - 1 change detected
2025-05-04 05:26:49,085 - watchfiles.main - INFO - 1 change detected
2025-05-04 05:26:49,085 - watchfiles.main - INFO - 1 change detected
2025-05-04 05:26:49,085 - watchfiles.main - INFO - 1 change detected
2025-05-04 05:26:49,440 - watchfiles.main - INFO - 1 change detected
2025-05-04 05:26:49,440 - watchfiles.main - INFO - 1 change detected
2025-05-04 05:26:49,440 - watchfiles.main - INFO - 1 change detected
2025-05-04 05:26:49,797 - watchfiles.main - INFO - 1 change detected
2025-05-04 05:26:49,797 - watchfiles.main - INFO - 1 change detected
2025-05-04 05:26:49,797 - watchfiles.main - INFO - 1 change detected
2025-05-04 05:26:50,154 - watchfiles.main - INFO - 1 change detected
2025-05-04 05:26:50,154 - watchfiles.main - INFO - 1 change detected
2025-05-04 05:26:50,154 - watchfiles.main - INFO - 1 change detected
2025-05-04 05:26:50,509 - watchfiles.main - INFO - 1 change detected
2025-05-04 05:26:50,509 - watchfiles.main - INFO - 1 change detected
2025-05-04 05:26:50,509 - watchfiles.main - INFO - 1 change detected
2025-05-04 05:26:50,865 - watchfiles.main - INFO - 1 change detected
2025-05-04 05:26:50,865 - watchfiles.main - INFO - 1 change detected
2025-05-04 05:26:50,865 - watchfiles.main - INFO - 1 change detected
2025-05-04 05:26:51,244 - watchfiles.main - INFO - 1 change detected
2025-05-04 05:26:51,244 - watchfiles.main - INFO - 1 change detected
2025-05-04 05:26:51,244 - watchfiles.main - INFO - 1 change detected
2025-05-04 05:26:51,602 - watchfiles.main - INFO - 1 change detected
2025-05-04 05:26:51,602 - watchfiles.main - INFO - 1 change detected
2025-05-04 05:26:51,602 - watchfiles.main - INFO - 1 change detected
2025-05-04 05:26:51,958 - watchfiles.main - INFO - 1 change detected
2025-05-04 05:26:51,958 - watchfiles.main - INFO - 1 change detected
2025-05-04 05:26:51,958 - watchfiles.main - INFO - 1 change detected
2025-05-04 05:26:52,313 - watchfiles.main - INFO - 1 change detected
2025-05-04 05:26:52,313 - watchfiles.main - INFO - 1 change detected
2025-05-04 05:26:52,313 - watchfiles.main - INFO - 1 change detected
2025-05-04 05:26:52,668 - watchfiles.main - INFO - 1 change detected
2025-05-04 05:26:52,668 - watchfiles.main - INFO - 1 change detected
2025-05-04 05:26:52,668 - watchfiles.main - INFO - 1 change detected
2025-05-04 05:26:53,023 - watchfiles.main - INFO - 1 change detected
2025-05-04 05:26:53,023 - watchfiles.main - INFO - 1 change detected
2025-05-04 05:26:53,023 - watchfiles.main - INFO - 1 change detected
2025-05-04 05:26:53,380 - watchfiles.main - INFO - 1 change detected
2025-05-04 05:26:53,380 - watchfiles.main - INFO - 1 change detected
2025-05-04 05:26:53,380 - watchfiles.main - INFO - 1 change detected
2025-05-04 05:26:53,735 - watchfiles.main - INFO - 1 change detected
2025-05-04 05:26:53,735 - watchfiles.main - INFO - 1 change detected
2025-05-04 05:26:53,735 - watchfiles.main - INFO - 1 change detected
2025-05-04 05:26:54,090 - watchfiles.main - INFO - 1 change detected
2025-05-04 05:26:54,090 - watchfiles.main - INFO - 1 change detected
2025-05-04 05:26:54,090 - watchfiles.main - INFO - 1 change detected
2025-05-04 05:26:54,445 - watchfiles.main - INFO - 1 change detected
2025-05-04 05:26:54,445 - watchfiles.main - INFO - 1 change detected
2025-05-04 05:26:54,445 - watchfiles.main - INFO - 1 change detected
2025-05-04 05:26:54,799 - watchfiles.main - INFO - 1 change detected
2025-05-04 05:26:54,799 - watchfiles.main - INFO - 1 change detected
2025-05-04 05:26:54,799 - watchfiles.main - INFO - 1 change detected
2025-05-04 05:26:55,154 - watchfiles.main - INFO - 1 change detected
2025-05-04 05:26:55,154 - watchfiles.main - INFO - 1 change detected
2025-05-04 05:26:55,154 - watchfiles.main - INFO - 1 change detected
2025-05-04 05:26:55,510 - watchfiles.main - INFO - 1 change detected
2025-05-04 05:26:55,510 - watchfiles.main - INFO - 1 change detected
2025-05-04 05:26:55,510 - watchfiles.main - INFO - 1 change detected
2025-05-04 05:26:55,876 - watchfiles.main - INFO - 1 change detected
2025-05-04 05:26:55,876 - watchfiles.main - INFO - 1 change detected
2025-05-04 05:26:55,876 - watchfiles.main - INFO - 1 change detected
2025-05-04 05:26:56,254 - watchfiles.main - INFO - 1 change detected
2025-05-04 05:26:56,254 - watchfiles.main - INFO - 1 change detected
2025-05-04 05:26:56,254 - watchfiles.main - INFO - 1 change detected
2025-05-04 05:26:56,617 - watchfiles.main - INFO - 1 change detected
2025-05-04 05:26:56,617 - watchfiles.main - INFO - 1 change detected
2025-05-04 05:26:56,617 - watchfiles.main - INFO - 1 change detected
2025-05-04 05:26:56,974 - watchfiles.main - INFO - 1 change detected
2025-05-04 05:26:56,974 - watchfiles.main - INFO - 1 change detected
2025-05-04 05:26:56,974 - watchfiles.main - INFO - 1 change detected
2025-05-04 05:26:57,330 - watchfiles.main - INFO - 1 change detected
2025-05-04 05:26:57,330 - watchfiles.main - INFO - 1 change detected
2025-05-04 05:26:57,330 - watchfiles.main - INFO - 1 change detected
2025-05-04 05:26:57,687 - watchfiles.main - INFO - 1 change detected
2025-05-04 05:26:57,687 - watchfiles.main - INFO - 1 change detected
2025-05-04 05:26:57,687 - watchfiles.main - INFO - 1 change detected
2025-05-04 05:26:58,042 - watchfiles.main - INFO - 1 change detected
2025-05-04 05:26:58,042 - watchfiles.main - INFO - 1 change detected
2025-05-04 05:26:58,042 - watchfiles.main - INFO - 1 change detected
2025-05-04 05:26:58,399 - watchfiles.main - INFO - 1 change detected
2025-05-04 05:26:58,399 - watchfiles.main - INFO - 1 change detected
2025-05-04 05:26:58,399 - watchfiles.main - INFO - 1 change detected
2025-05-04 05:26:58,759 - watchfiles.main - INFO - 1 change detected
2025-05-04 05:26:58,759 - watchfiles.main - INFO - 1 change detected
2025-05-04 05:26:58,759 - watchfiles.main - INFO - 1 change detected
2025-05-04 05:26:59,120 - watchfiles.main - INFO - 1 change detected
2025-05-04 05:26:59,120 - watchfiles.main - INFO - 1 change detected
2025-05-04 05:26:59,120 - watchfiles.main - INFO - 1 change detected
2025-05-04 05:26:59,482 - watchfiles.main - INFO - 1 change detected
2025-05-04 05:26:59,482 - watchfiles.main - INFO - 1 change detected
2025-05-04 05:26:59,482 - watchfiles.main - INFO - 1 change detected
2025-05-04 05:26:59,852 - watchfiles.main - INFO - 1 change detected
2025-05-04 05:26:59,852 - watchfiles.main - INFO - 1 change detected
2025-05-04 05:26:59,852 - watchfiles.main - INFO - 1 change detected
2025-05-04 05:27:00,208 - watchfiles.main - INFO - 1 change detected
2025-05-04 05:27:00,208 - watchfiles.main - INFO - 1 change detected
2025-05-04 05:27:00,208 - watchfiles.main - INFO - 1 change detected
2025-05-04 05:27:00,569 - watchfiles.main - INFO - 1 change detected
2025-05-04 05:27:00,569 - watchfiles.main - INFO - 1 change detected
2025-05-04 05:27:00,569 - watchfiles.main - INFO - 1 change detected
2025-05-04 05:27:00,930 - watchfiles.main - INFO - 1 change detected
2025-05-04 05:27:00,930 - watchfiles.main - INFO - 1 change detected
2025-05-04 05:27:00,930 - watchfiles.main - INFO - 1 change detected
2025-05-04 05:27:01,295 - watchfiles.main - INFO - 1 change detected
2025-05-04 05:27:01,295 - watchfiles.main - INFO - 1 change detected
2025-05-04 05:27:01,295 - watchfiles.main - INFO - 1 change detected
2025-05-04 05:27:01,662 - watchfiles.main - INFO - 1 change detected
2025-05-04 05:27:01,662 - watchfiles.main - INFO - 1 change detected
2025-05-04 05:27:01,662 - watchfiles.main - INFO - 1 change detected
2025-05-04 05:27:02,019 - watchfiles.main - INFO - 1 change detected
2025-05-04 05:27:02,019 - watchfiles.main - INFO - 1 change detected
2025-05-04 05:27:02,019 - watchfiles.main - INFO - 1 change detected
2025-05-04 05:27:02,379 - watchfiles.main - INFO - 1 change detected
2025-05-04 05:27:02,379 - watchfiles.main - INFO - 1 change detected
2025-05-04 05:27:02,379 - watchfiles.main - INFO - 1 change detected
2025-05-04 05:27:02,739 - watchfiles.main - INFO - 1 change detected
2025-05-04 05:27:02,739 - watchfiles.main - INFO - 1 change detected
2025-05-04 05:27:02,739 - watchfiles.main - INFO - 1 change detected
2025-05-04 05:27:03,095 - watchfiles.main - INFO - 1 change detected
2025-05-04 05:27:03,095 - watchfiles.main - INFO - 1 change detected
2025-05-04 05:27:03,095 - watchfiles.main - INFO - 1 change detected
2025-05-04 05:27:03,455 - watchfiles.main - INFO - 1 change detected
2025-05-04 05:27:03,455 - watchfiles.main - INFO - 1 change detected
2025-05-04 05:27:03,455 - watchfiles.main - INFO - 1 change detected
2025-05-04 05:27:03,813 - watchfiles.main - INFO - 1 change detected
2025-05-04 05:27:03,813 - watchfiles.main - INFO - 1 change detected
2025-05-04 05:27:03,813 - watchfiles.main - INFO - 1 change detected
2025-05-04 05:27:04,012 - uvicorn.error - INFO - Shutting down
2025-05-04 05:27:04,012 - uvicorn.error - INFO - Shutting down
2025-05-04 05:27:04,012 - uvicorn.error - INFO - Shutting down
2025-05-04 05:27:04,124 - uvicorn.error - INFO - Waiting for application shutdown.
2025-05-04 05:27:04,124 - uvicorn.error - INFO - Waiting for application shutdown.
2025-05-04 05:27:04,124 - uvicorn.error - INFO - Waiting for application shutdown.
2025-05-04 05:27:04,127 - uvicorn.error - INFO - Application shutdown complete.
2025-05-04 05:27:04,127 - uvicorn.error - INFO - Application shutdown complete.
2025-05-04 05:27:04,127 - uvicorn.error - INFO - Application shutdown complete.
2025-05-04 05:27:04,129 - uvicorn.error - INFO - Finished server process [8]
2025-05-04 05:27:04,129 - uvicorn.error - INFO - Finished server process [8]
2025-05-04 05:27:04,129 - uvicorn.error - INFO - Finished server process [8]
2025-05-04 05:27:04,153 - uvicorn.error - INFO - Stopping reloader process [1]
2025-05-04 05:27:04,153 - uvicorn.error - INFO - Stopping reloader process [1]
2025-05-04 05:27:04,153 - uvicorn.error - INFO - Stopping reloader process [1]
