2025-05-02 20:39:06,921 - uvicorn.error - INFO - Will watch for changes in these directories: ['/app/api']
2025-05-02 20:39:06,921 - uvicorn.error - INFO - Will watch for changes in these directories: ['/app/api']
2025-05-02 20:39:06,921 - uvicorn.error - INFO - Will watch for changes in these directories: ['/app/api']
2025-05-02 20:39:06,928 - uvicorn.error - INFO - Uvicorn running on http://0.0.0.0:8000 (Press CTRL+C to quit)
2025-05-02 20:39:06,928 - uvicorn.error - INFO - Uvicorn running on http://0.0.0.0:8000 (Press CTRL+C to quit)
2025-05-02 20:39:06,928 - uvicorn.error - INFO - Uvicorn running on http://0.0.0.0:8000 (Press CTRL+C to quit)
2025-05-02 20:39:06,930 - uvicorn.error - INFO - Started reloader process [1] using WatchFiles
2025-05-02 20:39:06,930 - uvicorn.error - INFO - Started reloader process [1] using WatchFiles
2025-05-02 20:39:06,930 - uvicorn.error - INFO - Started reloader process [1] using WatchFiles
2025-05-02 20:39:07,930 - watchfiles.main - INFO - 1 change detected
2025-05-02 20:39:07,930 - watchfiles.main - INFO - 1 change detected
2025-05-02 20:39:07,930 - watchfiles.main - INFO - 1 change detected
2025-05-02 20:39:08,287 - watchfiles.main - INFO - 1 change detected
2025-05-02 20:39:08,287 - watchfiles.main - INFO - 1 change detected
2025-05-02 20:39:08,287 - watchfiles.main - INFO - 1 change detected
2025-05-02 20:39:08,641 - watchfiles.main - INFO - 1 change detected
2025-05-02 20:39:08,641 - watchfiles.main - INFO - 1 change detected
2025-05-02 20:39:08,641 - watchfiles.main - INFO - 1 change detected
2025-05-02 20:39:09,002 - watchfiles.main - INFO - 1 change detected
2025-05-02 20:39:09,002 - watchfiles.main - INFO - 1 change detected
2025-05-02 20:39:09,002 - watchfiles.main - INFO - 1 change detected
2025-05-02 20:39:09,356 - watchfiles.main - INFO - 1 change detected
2025-05-02 20:39:09,356 - watchfiles.main - INFO - 1 change detected
2025-05-02 20:39:09,356 - watchfiles.main - INFO - 1 change detected
2025-05-02 20:39:09,711 - watchfiles.main - INFO - 1 change detected
2025-05-02 20:39:09,711 - watchfiles.main - INFO - 1 change detected
2025-05-02 20:39:09,711 - watchfiles.main - INFO - 1 change detected
2025-05-02 20:39:10,066 - watchfiles.main - INFO - 1 change detected
2025-05-02 20:39:10,066 - watchfiles.main - INFO - 1 change detected
2025-05-02 20:39:10,066 - watchfiles.main - INFO - 1 change detected
2025-05-02 20:39:10,423 - watchfiles.main - INFO - 1 change detected
2025-05-02 20:39:10,423 - watchfiles.main - INFO - 1 change detected
2025-05-02 20:39:10,423 - watchfiles.main - INFO - 1 change detected
2025-05-02 20:39:10,780 - watchfiles.main - INFO - 1 change detected
2025-05-02 20:39:10,780 - watchfiles.main - INFO - 1 change detected
2025-05-02 20:39:10,780 - watchfiles.main - INFO - 1 change detected
2025-05-02 20:39:11,140 - watchfiles.main - INFO - 1 change detected
2025-05-02 20:39:11,140 - watchfiles.main - INFO - 1 change detected
2025-05-02 20:39:11,140 - watchfiles.main - INFO - 1 change detected
2025-05-02 20:39:11,504 - watchfiles.main - INFO - 1 change detected
2025-05-02 20:39:11,504 - watchfiles.main - INFO - 1 change detected
2025-05-02 20:39:11,504 - watchfiles.main - INFO - 1 change detected
2025-05-02 20:39:11,862 - watchfiles.main - INFO - 1 change detected
2025-05-02 20:39:11,862 - watchfiles.main - INFO - 1 change detected
2025-05-02 20:39:11,862 - watchfiles.main - INFO - 1 change detected
2025-05-02 20:39:12,223 - watchfiles.main - INFO - 1 change detected
2025-05-02 20:39:12,223 - watchfiles.main - INFO - 1 change detected
2025-05-02 20:39:12,223 - watchfiles.main - INFO - 1 change detected
2025-05-02 20:39:12,579 - watchfiles.main - INFO - 1 change detected
2025-05-02 20:39:12,579 - watchfiles.main - INFO - 1 change detected
2025-05-02 20:39:12,579 - watchfiles.main - INFO - 1 change detected
2025-05-02 20:39:12,899 - uvicorn.error - INFO - Started server process [8]
2025-05-02 20:39:12,899 - uvicorn.error - INFO - Started server process [8]
2025-05-02 20:39:12,899 - uvicorn.error - INFO - Started server process [8]
2025-05-02 20:39:12,904 - uvicorn.error - INFO - Waiting for application startup.
2025-05-02 20:39:12,904 - uvicorn.error - INFO - Waiting for application startup.
2025-05-02 20:39:12,904 - uvicorn.error - INFO - Waiting for application startup.
2025-05-02 20:39:12,920 - uvicorn.error - INFO - Application startup complete.
2025-05-02 20:39:12,920 - uvicorn.error - INFO - Application startup complete.
2025-05-02 20:39:12,920 - uvicorn.error - INFO - Application startup complete.
2025-05-02 20:39:12,985 - watchfiles.main - INFO - 4 changes detected
2025-05-02 20:39:12,985 - watchfiles.main - INFO - 4 changes detected
2025-05-02 20:39:12,985 - watchfiles.main - INFO - 4 changes detected
2025-05-02 20:39:13,339 - watchfiles.main - INFO - 1 change detected
2025-05-02 20:39:13,339 - watchfiles.main - INFO - 1 change detected
2025-05-02 20:39:13,339 - watchfiles.main - INFO - 1 change detected
2025-05-02 20:39:13,694 - watchfiles.main - INFO - 1 change detected
2025-05-02 20:39:13,694 - watchfiles.main - INFO - 1 change detected
2025-05-02 20:39:13,694 - watchfiles.main - INFO - 1 change detected
2025-05-02 20:39:14,051 - watchfiles.main - INFO - 1 change detected
2025-05-02 20:39:14,051 - watchfiles.main - INFO - 1 change detected
2025-05-02 20:39:14,051 - watchfiles.main - INFO - 1 change detected
2025-05-02 20:39:14,405 - watchfiles.main - INFO - 1 change detected
2025-05-02 20:39:14,405 - watchfiles.main - INFO - 1 change detected
2025-05-02 20:39:14,405 - watchfiles.main - INFO - 1 change detected
2025-05-02 20:39:14,761 - watchfiles.main - INFO - 1 change detected
2025-05-02 20:39:14,761 - watchfiles.main - INFO - 1 change detected
2025-05-02 20:39:14,761 - watchfiles.main - INFO - 1 change detected
2025-05-02 20:39:15,143 - watchfiles.main - INFO - 1 change detected
2025-05-02 20:39:15,143 - watchfiles.main - INFO - 1 change detected
2025-05-02 20:39:15,143 - watchfiles.main - INFO - 1 change detected
2025-05-02 20:39:15,502 - watchfiles.main - INFO - 1 change detected
2025-05-02 20:39:15,502 - watchfiles.main - INFO - 1 change detected
2025-05-02 20:39:15,502 - watchfiles.main - INFO - 1 change detected
2025-05-02 20:39:15,859 - watchfiles.main - INFO - 1 change detected
2025-05-02 20:39:15,859 - watchfiles.main - INFO - 1 change detected
2025-05-02 20:39:15,859 - watchfiles.main - INFO - 1 change detected
2025-05-02 20:39:16,213 - watchfiles.main - INFO - 1 change detected
2025-05-02 20:39:16,213 - watchfiles.main - INFO - 1 change detected
2025-05-02 20:39:16,213 - watchfiles.main - INFO - 1 change detected
2025-05-02 20:39:16,570 - watchfiles.main - INFO - 1 change detected
2025-05-02 20:39:16,570 - watchfiles.main - INFO - 1 change detected
2025-05-02 20:39:16,570 - watchfiles.main - INFO - 1 change detected
2025-05-02 20:39:16,984 - watchfiles.main - INFO - 1 change detected
2025-05-02 20:39:16,984 - watchfiles.main - INFO - 1 change detected
2025-05-02 20:39:16,984 - watchfiles.main - INFO - 1 change detected
2025-05-02 20:39:17,339 - watchfiles.main - INFO - 1 change detected
2025-05-02 20:39:17,339 - watchfiles.main - INFO - 1 change detected
2025-05-02 20:39:17,339 - watchfiles.main - INFO - 1 change detected
2025-05-02 20:39:17,696 - watchfiles.main - INFO - 1 change detected
2025-05-02 20:39:17,696 - watchfiles.main - INFO - 1 change detected
2025-05-02 20:39:17,696 - watchfiles.main - INFO - 1 change detected
2025-05-02 20:39:18,050 - watchfiles.main - INFO - 1 change detected
2025-05-02 20:39:18,050 - watchfiles.main - INFO - 1 change detected
2025-05-02 20:39:18,050 - watchfiles.main - INFO - 1 change detected
2025-05-02 20:39:18,406 - watchfiles.main - INFO - 1 change detected
2025-05-02 20:39:18,406 - watchfiles.main - INFO - 1 change detected
2025-05-02 20:39:18,406 - watchfiles.main - INFO - 1 change detected
2025-05-02 20:39:18,771 - watchfiles.main - INFO - 1 change detected
2025-05-02 20:39:18,771 - watchfiles.main - INFO - 1 change detected
2025-05-02 20:39:18,771 - watchfiles.main - INFO - 1 change detected
2025-05-02 20:39:19,126 - watchfiles.main - INFO - 1 change detected
2025-05-02 20:39:19,126 - watchfiles.main - INFO - 1 change detected
2025-05-02 20:39:19,126 - watchfiles.main - INFO - 1 change detected
2025-05-02 20:39:19,481 - watchfiles.main - INFO - 1 change detected
2025-05-02 20:39:19,481 - watchfiles.main - INFO - 1 change detected
2025-05-02 20:39:19,481 - watchfiles.main - INFO - 1 change detected
2025-05-02 20:39:19,841 - watchfiles.main - INFO - 1 change detected
2025-05-02 20:39:19,841 - watchfiles.main - INFO - 1 change detected
2025-05-02 20:39:19,841 - watchfiles.main - INFO - 1 change detected
2025-05-02 20:39:20,196 - watchfiles.main - INFO - 1 change detected
2025-05-02 20:39:20,196 - watchfiles.main - INFO - 1 change detected
2025-05-02 20:39:20,196 - watchfiles.main - INFO - 1 change detected
2025-05-02 20:39:20,551 - watchfiles.main - INFO - 1 change detected
2025-05-02 20:39:20,551 - watchfiles.main - INFO - 1 change detected
2025-05-02 20:39:20,551 - watchfiles.main - INFO - 1 change detected
2025-05-02 20:39:20,907 - watchfiles.main - INFO - 1 change detected
2025-05-02 20:39:20,907 - watchfiles.main - INFO - 1 change detected
2025-05-02 20:39:20,907 - watchfiles.main - INFO - 1 change detected
2025-05-02 20:39:21,265 - watchfiles.main - INFO - 1 change detected
2025-05-02 20:39:21,265 - watchfiles.main - INFO - 1 change detected
2025-05-02 20:39:21,265 - watchfiles.main - INFO - 1 change detected
2025-05-02 20:39:21,620 - watchfiles.main - INFO - 1 change detected
2025-05-02 20:39:21,620 - watchfiles.main - INFO - 1 change detected
2025-05-02 20:39:21,620 - watchfiles.main - INFO - 1 change detected
2025-05-02 20:39:21,975 - watchfiles.main - INFO - 1 change detected
2025-05-02 20:39:21,975 - watchfiles.main - INFO - 1 change detected
2025-05-02 20:39:21,975 - watchfiles.main - INFO - 1 change detected
2025-05-02 20:39:22,329 - watchfiles.main - INFO - 1 change detected
2025-05-02 20:39:22,329 - watchfiles.main - INFO - 1 change detected
2025-05-02 20:39:22,329 - watchfiles.main - INFO - 1 change detected
2025-05-02 20:39:22,684 - watchfiles.main - INFO - 1 change detected
2025-05-02 20:39:22,684 - watchfiles.main - INFO - 1 change detected
2025-05-02 20:39:22,684 - watchfiles.main - INFO - 1 change detected
2025-05-02 20:39:23,039 - watchfiles.main - INFO - 1 change detected
2025-05-02 20:39:23,039 - watchfiles.main - INFO - 1 change detected
2025-05-02 20:39:23,039 - watchfiles.main - INFO - 1 change detected
2025-05-02 20:39:23,394 - watchfiles.main - INFO - 1 change detected
2025-05-02 20:39:23,394 - watchfiles.main - INFO - 1 change detected
2025-05-02 20:39:23,394 - watchfiles.main - INFO - 1 change detected
2025-05-02 20:39:23,748 - watchfiles.main - INFO - 1 change detected
2025-05-02 20:39:23,748 - watchfiles.main - INFO - 1 change detected
2025-05-02 20:39:23,748 - watchfiles.main - INFO - 1 change detected
2025-05-02 20:39:24,103 - watchfiles.main - INFO - 1 change detected
2025-05-02 20:39:24,103 - watchfiles.main - INFO - 1 change detected
2025-05-02 20:39:24,103 - watchfiles.main - INFO - 1 change detected
2025-05-02 20:39:24,488 - watchfiles.main - INFO - 1 change detected
2025-05-02 20:39:24,488 - watchfiles.main - INFO - 1 change detected
2025-05-02 20:39:24,488 - watchfiles.main - INFO - 1 change detected
2025-05-02 20:39:24,906 - watchfiles.main - INFO - 1 change detected
2025-05-02 20:39:24,906 - watchfiles.main - INFO - 1 change detected
2025-05-02 20:39:24,906 - watchfiles.main - INFO - 1 change detected
2025-05-02 20:39:25,275 - watchfiles.main - INFO - 1 change detected
2025-05-02 20:39:25,275 - watchfiles.main - INFO - 1 change detected
2025-05-02 20:39:25,275 - watchfiles.main - INFO - 1 change detected
2025-05-02 20:39:25,637 - watchfiles.main - INFO - 1 change detected
2025-05-02 20:39:25,637 - watchfiles.main - INFO - 1 change detected
2025-05-02 20:39:25,637 - watchfiles.main - INFO - 1 change detected
2025-05-02 20:39:26,030 - watchfiles.main - INFO - 1 change detected
2025-05-02 20:39:26,030 - watchfiles.main - INFO - 1 change detected
2025-05-02 20:39:26,030 - watchfiles.main - INFO - 1 change detected
2025-05-02 20:39:26,390 - watchfiles.main - INFO - 1 change detected
2025-05-02 20:39:26,390 - watchfiles.main - INFO - 1 change detected
2025-05-02 20:39:26,390 - watchfiles.main - INFO - 1 change detected
2025-05-02 20:39:26,755 - watchfiles.main - INFO - 1 change detected
2025-05-02 20:39:26,755 - watchfiles.main - INFO - 1 change detected
2025-05-02 20:39:26,755 - watchfiles.main - INFO - 1 change detected
2025-05-02 20:39:27,110 - watchfiles.main - INFO - 1 change detected
2025-05-02 20:39:27,110 - watchfiles.main - INFO - 1 change detected
2025-05-02 20:39:27,110 - watchfiles.main - INFO - 1 change detected
2025-05-02 20:39:27,492 - watchfiles.main - INFO - 1 change detected
2025-05-02 20:39:27,492 - watchfiles.main - INFO - 1 change detected
2025-05-02 20:39:27,492 - watchfiles.main - INFO - 1 change detected
2025-05-02 20:39:27,846 - watchfiles.main - INFO - 1 change detected
2025-05-02 20:39:27,846 - watchfiles.main - INFO - 1 change detected
2025-05-02 20:39:27,846 - watchfiles.main - INFO - 1 change detected
2025-05-02 20:39:28,208 - watchfiles.main - INFO - 1 change detected
2025-05-02 20:39:28,208 - watchfiles.main - INFO - 1 change detected
2025-05-02 20:39:28,208 - watchfiles.main - INFO - 1 change detected
2025-05-02 20:39:28,569 - watchfiles.main - INFO - 1 change detected
2025-05-02 20:39:28,569 - watchfiles.main - INFO - 1 change detected
2025-05-02 20:39:28,569 - watchfiles.main - INFO - 1 change detected
2025-05-02 20:39:28,925 - watchfiles.main - INFO - 1 change detected
2025-05-02 20:39:28,925 - watchfiles.main - INFO - 1 change detected
2025-05-02 20:39:28,925 - watchfiles.main - INFO - 1 change detected
2025-05-02 20:39:29,279 - watchfiles.main - INFO - 1 change detected
2025-05-02 20:39:29,279 - watchfiles.main - INFO - 1 change detected
2025-05-02 20:39:29,279 - watchfiles.main - INFO - 1 change detected
2025-05-02 20:39:29,634 - watchfiles.main - INFO - 1 change detected
2025-05-02 20:39:29,634 - watchfiles.main - INFO - 1 change detected
2025-05-02 20:39:29,634 - watchfiles.main - INFO - 1 change detected
2025-05-02 20:39:29,988 - watchfiles.main - INFO - 1 change detected
2025-05-02 20:39:29,988 - watchfiles.main - INFO - 1 change detected
2025-05-02 20:39:29,988 - watchfiles.main - INFO - 1 change detected
2025-05-02 20:39:30,343 - watchfiles.main - INFO - 1 change detected
2025-05-02 20:39:30,343 - watchfiles.main - INFO - 1 change detected
2025-05-02 20:39:30,343 - watchfiles.main - INFO - 1 change detected
2025-05-02 20:39:30,698 - watchfiles.main - INFO - 1 change detected
2025-05-02 20:39:30,698 - watchfiles.main - INFO - 1 change detected
2025-05-02 20:39:30,698 - watchfiles.main - INFO - 1 change detected
2025-05-02 20:39:31,078 - watchfiles.main - INFO - 1 change detected
2025-05-02 20:39:31,078 - watchfiles.main - INFO - 1 change detected
2025-05-02 20:39:31,078 - watchfiles.main - INFO - 1 change detected
2025-05-02 20:39:31,445 - watchfiles.main - INFO - 1 change detected
2025-05-02 20:39:31,445 - watchfiles.main - INFO - 1 change detected
2025-05-02 20:39:31,445 - watchfiles.main - INFO - 1 change detected
2025-05-02 20:39:31,810 - watchfiles.main - INFO - 1 change detected
2025-05-02 20:39:31,810 - watchfiles.main - INFO - 1 change detected
2025-05-02 20:39:31,810 - watchfiles.main - INFO - 1 change detected
2025-05-02 20:39:32,170 - watchfiles.main - INFO - 1 change detected
2025-05-02 20:39:32,170 - watchfiles.main - INFO - 1 change detected
2025-05-02 20:39:32,170 - watchfiles.main - INFO - 1 change detected
2025-05-02 20:39:32,531 - watchfiles.main - INFO - 1 change detected
2025-05-02 20:39:32,531 - watchfiles.main - INFO - 1 change detected
2025-05-02 20:39:32,531 - watchfiles.main - INFO - 1 change detected
2025-05-02 20:39:32,946 - watchfiles.main - INFO - 1 change detected
2025-05-02 20:39:32,946 - watchfiles.main - INFO - 1 change detected
2025-05-02 20:39:32,946 - watchfiles.main - INFO - 1 change detected
2025-05-02 20:39:33,302 - watchfiles.main - INFO - 1 change detected
2025-05-02 20:39:33,302 - watchfiles.main - INFO - 1 change detected
2025-05-02 20:39:33,302 - watchfiles.main - INFO - 1 change detected
2025-05-02 20:39:33,681 - watchfiles.main - INFO - 1 change detected
2025-05-02 20:39:33,681 - watchfiles.main - INFO - 1 change detected
2025-05-02 20:39:33,681 - watchfiles.main - INFO - 1 change detected
2025-05-02 20:39:34,051 - watchfiles.main - INFO - 1 change detected
2025-05-02 20:39:34,051 - watchfiles.main - INFO - 1 change detected
2025-05-02 20:39:34,051 - watchfiles.main - INFO - 1 change detected
2025-05-02 20:39:34,406 - watchfiles.main - INFO - 1 change detected
2025-05-02 20:39:34,406 - watchfiles.main - INFO - 1 change detected
2025-05-02 20:39:34,406 - watchfiles.main - INFO - 1 change detected
2025-05-02 20:39:34,761 - watchfiles.main - INFO - 1 change detected
2025-05-02 20:39:34,761 - watchfiles.main - INFO - 1 change detected
2025-05-02 20:39:34,761 - watchfiles.main - INFO - 1 change detected
2025-05-02 20:39:35,118 - watchfiles.main - INFO - 1 change detected
2025-05-02 20:39:35,118 - watchfiles.main - INFO - 1 change detected
2025-05-02 20:39:35,118 - watchfiles.main - INFO - 1 change detected
2025-05-02 20:39:35,481 - watchfiles.main - INFO - 1 change detected
2025-05-02 20:39:35,481 - watchfiles.main - INFO - 1 change detected
2025-05-02 20:39:35,481 - watchfiles.main - INFO - 1 change detected
2025-05-02 20:39:35,835 - watchfiles.main - INFO - 1 change detected
2025-05-02 20:39:35,835 - watchfiles.main - INFO - 1 change detected
2025-05-02 20:39:35,835 - watchfiles.main - INFO - 1 change detected
2025-05-02 20:39:36,210 - watchfiles.main - INFO - 1 change detected
2025-05-02 20:39:36,210 - watchfiles.main - INFO - 1 change detected
2025-05-02 20:39:36,210 - watchfiles.main - INFO - 1 change detected
2025-05-02 20:39:36,566 - watchfiles.main - INFO - 1 change detected
2025-05-02 20:39:36,566 - watchfiles.main - INFO - 1 change detected
2025-05-02 20:39:36,566 - watchfiles.main - INFO - 1 change detected
2025-05-02 20:39:36,921 - watchfiles.main - INFO - 1 change detected
2025-05-02 20:39:36,921 - watchfiles.main - INFO - 1 change detected
2025-05-02 20:39:36,921 - watchfiles.main - INFO - 1 change detected
2025-05-02 20:39:37,276 - watchfiles.main - INFO - 1 change detected
2025-05-02 20:39:37,276 - watchfiles.main - INFO - 1 change detected
2025-05-02 20:39:37,276 - watchfiles.main - INFO - 1 change detected
2025-05-02 20:39:37,652 - watchfiles.main - INFO - 1 change detected
2025-05-02 20:39:37,652 - watchfiles.main - INFO - 1 change detected
2025-05-02 20:39:37,652 - watchfiles.main - INFO - 1 change detected
2025-05-02 20:39:38,058 - watchfiles.main - INFO - 1 change detected
2025-05-02 20:39:38,058 - watchfiles.main - INFO - 1 change detected
2025-05-02 20:39:38,058 - watchfiles.main - INFO - 1 change detected
2025-05-02 20:39:38,413 - watchfiles.main - INFO - 1 change detected
2025-05-02 20:39:38,413 - watchfiles.main - INFO - 1 change detected
2025-05-02 20:39:38,413 - watchfiles.main - INFO - 1 change detected
2025-05-02 20:39:38,769 - watchfiles.main - INFO - 1 change detected
2025-05-02 20:39:38,769 - watchfiles.main - INFO - 1 change detected
2025-05-02 20:39:38,769 - watchfiles.main - INFO - 1 change detected
2025-05-02 20:39:39,124 - watchfiles.main - INFO - 1 change detected
2025-05-02 20:39:39,124 - watchfiles.main - INFO - 1 change detected
2025-05-02 20:39:39,124 - watchfiles.main - INFO - 1 change detected
2025-05-02 20:39:39,479 - watchfiles.main - INFO - 1 change detected
2025-05-02 20:39:39,479 - watchfiles.main - INFO - 1 change detected
2025-05-02 20:39:39,479 - watchfiles.main - INFO - 1 change detected
2025-05-02 20:39:39,839 - watchfiles.main - INFO - 1 change detected
2025-05-02 20:39:39,839 - watchfiles.main - INFO - 1 change detected
2025-05-02 20:39:39,839 - watchfiles.main - INFO - 1 change detected
2025-05-02 20:39:40,195 - watchfiles.main - INFO - 1 change detected
2025-05-02 20:39:40,195 - watchfiles.main - INFO - 1 change detected
2025-05-02 20:39:40,195 - watchfiles.main - INFO - 1 change detected
2025-05-02 20:39:40,549 - watchfiles.main - INFO - 1 change detected
2025-05-02 20:39:40,549 - watchfiles.main - INFO - 1 change detected
2025-05-02 20:39:40,549 - watchfiles.main - INFO - 1 change detected
2025-05-02 20:39:40,903 - watchfiles.main - INFO - 1 change detected
2025-05-02 20:39:40,903 - watchfiles.main - INFO - 1 change detected
2025-05-02 20:39:40,903 - watchfiles.main - INFO - 1 change detected
2025-05-02 20:39:41,257 - watchfiles.main - INFO - 1 change detected
2025-05-02 20:39:41,257 - watchfiles.main - INFO - 1 change detected
2025-05-02 20:39:41,257 - watchfiles.main - INFO - 1 change detected
2025-05-02 20:39:41,612 - watchfiles.main - INFO - 1 change detected
2025-05-02 20:39:41,612 - watchfiles.main - INFO - 1 change detected
2025-05-02 20:39:41,612 - watchfiles.main - INFO - 1 change detected
2025-05-02 20:39:41,976 - watchfiles.main - INFO - 1 change detected
2025-05-02 20:39:41,976 - watchfiles.main - INFO - 1 change detected
2025-05-02 20:39:41,976 - watchfiles.main - INFO - 1 change detected
2025-05-02 20:39:42,331 - watchfiles.main - INFO - 1 change detected
2025-05-02 20:39:42,331 - watchfiles.main - INFO - 1 change detected
2025-05-02 20:39:42,331 - watchfiles.main - INFO - 1 change detected
2025-05-02 20:39:42,686 - watchfiles.main - INFO - 1 change detected
2025-05-02 20:39:42,686 - watchfiles.main - INFO - 1 change detected
2025-05-02 20:39:42,686 - watchfiles.main - INFO - 1 change detected
2025-05-02 20:39:43,042 - watchfiles.main - INFO - 1 change detected
2025-05-02 20:39:43,042 - watchfiles.main - INFO - 1 change detected
2025-05-02 20:39:43,042 - watchfiles.main - INFO - 1 change detected
2025-05-02 20:39:43,402 - watchfiles.main - INFO - 1 change detected
2025-05-02 20:39:43,402 - watchfiles.main - INFO - 1 change detected
2025-05-02 20:39:43,402 - watchfiles.main - INFO - 1 change detected
2025-05-02 20:39:43,760 - watchfiles.main - INFO - 1 change detected
2025-05-02 20:39:43,760 - watchfiles.main - INFO - 1 change detected
2025-05-02 20:39:43,760 - watchfiles.main - INFO - 1 change detected
2025-05-02 20:39:44,116 - watchfiles.main - INFO - 1 change detected
2025-05-02 20:39:44,116 - watchfiles.main - INFO - 1 change detected
2025-05-02 20:39:44,116 - watchfiles.main - INFO - 1 change detected
2025-05-02 20:39:44,474 - watchfiles.main - INFO - 1 change detected
2025-05-02 20:39:44,474 - watchfiles.main - INFO - 1 change detected
2025-05-02 20:39:44,474 - watchfiles.main - INFO - 1 change detected
2025-05-02 20:39:44,829 - watchfiles.main - INFO - 1 change detected
2025-05-02 20:39:44,829 - watchfiles.main - INFO - 1 change detected
2025-05-02 20:39:44,829 - watchfiles.main - INFO - 1 change detected
2025-05-02 20:39:45,183 - watchfiles.main - INFO - 1 change detected
2025-05-02 20:39:45,183 - watchfiles.main - INFO - 1 change detected
2025-05-02 20:39:45,183 - watchfiles.main - INFO - 1 change detected
2025-05-02 20:39:45,539 - watchfiles.main - INFO - 1 change detected
2025-05-02 20:39:45,539 - watchfiles.main - INFO - 1 change detected
2025-05-02 20:39:45,539 - watchfiles.main - INFO - 1 change detected
2025-05-02 20:39:45,894 - watchfiles.main - INFO - 1 change detected
2025-05-02 20:39:45,894 - watchfiles.main - INFO - 1 change detected
2025-05-02 20:39:45,894 - watchfiles.main - INFO - 1 change detected
2025-05-02 20:39:46,249 - watchfiles.main - INFO - 1 change detected
2025-05-02 20:39:46,249 - watchfiles.main - INFO - 1 change detected
2025-05-02 20:39:46,249 - watchfiles.main - INFO - 1 change detected
2025-05-02 20:39:46,603 - watchfiles.main - INFO - 1 change detected
2025-05-02 20:39:46,603 - watchfiles.main - INFO - 1 change detected
2025-05-02 20:39:46,603 - watchfiles.main - INFO - 1 change detected
2025-05-02 20:39:46,957 - watchfiles.main - INFO - 1 change detected
2025-05-02 20:39:46,957 - watchfiles.main - INFO - 1 change detected
2025-05-02 20:39:46,957 - watchfiles.main - INFO - 1 change detected
2025-05-02 20:39:47,312 - watchfiles.main - INFO - 1 change detected
2025-05-02 20:39:47,312 - watchfiles.main - INFO - 1 change detected
2025-05-02 20:39:47,312 - watchfiles.main - INFO - 1 change detected
2025-05-02 20:39:47,667 - watchfiles.main - INFO - 1 change detected
2025-05-02 20:39:47,667 - watchfiles.main - INFO - 1 change detected
2025-05-02 20:39:47,667 - watchfiles.main - INFO - 1 change detected
2025-05-02 20:39:48,024 - watchfiles.main - INFO - 1 change detected
2025-05-02 20:39:48,024 - watchfiles.main - INFO - 1 change detected
2025-05-02 20:39:48,024 - watchfiles.main - INFO - 1 change detected
2025-05-02 20:39:48,379 - watchfiles.main - INFO - 1 change detected
2025-05-02 20:39:48,379 - watchfiles.main - INFO - 1 change detected
2025-05-02 20:39:48,379 - watchfiles.main - INFO - 1 change detected
2025-05-02 20:39:48,733 - watchfiles.main - INFO - 1 change detected
2025-05-02 20:39:48,733 - watchfiles.main - INFO - 1 change detected
2025-05-02 20:39:48,733 - watchfiles.main - INFO - 1 change detected
2025-05-02 20:39:49,135 - watchfiles.main - INFO - 1 change detected
2025-05-02 20:39:49,135 - watchfiles.main - INFO - 1 change detected
2025-05-02 20:39:49,135 - watchfiles.main - INFO - 1 change detected
2025-05-02 20:39:49,495 - watchfiles.main - INFO - 1 change detected
2025-05-02 20:39:49,495 - watchfiles.main - INFO - 1 change detected
2025-05-02 20:39:49,495 - watchfiles.main - INFO - 1 change detected
2025-05-02 20:39:49,886 - watchfiles.main - INFO - 1 change detected
2025-05-02 20:39:49,886 - watchfiles.main - INFO - 1 change detected
2025-05-02 20:39:49,886 - watchfiles.main - INFO - 1 change detected
2025-05-02 20:39:50,243 - watchfiles.main - INFO - 1 change detected
2025-05-02 20:39:50,243 - watchfiles.main - INFO - 1 change detected
2025-05-02 20:39:50,243 - watchfiles.main - INFO - 1 change detected
2025-05-02 20:39:50,620 - watchfiles.main - INFO - 1 change detected
2025-05-02 20:39:50,620 - watchfiles.main - INFO - 1 change detected
2025-05-02 20:39:50,620 - watchfiles.main - INFO - 1 change detected
2025-05-02 20:39:50,976 - watchfiles.main - INFO - 1 change detected
2025-05-02 20:39:50,976 - watchfiles.main - INFO - 1 change detected
2025-05-02 20:39:50,976 - watchfiles.main - INFO - 1 change detected
2025-05-02 20:39:51,330 - watchfiles.main - INFO - 1 change detected
2025-05-02 20:39:51,330 - watchfiles.main - INFO - 1 change detected
2025-05-02 20:39:51,330 - watchfiles.main - INFO - 1 change detected
2025-05-02 20:39:51,686 - watchfiles.main - INFO - 1 change detected
2025-05-02 20:39:51,686 - watchfiles.main - INFO - 1 change detected
2025-05-02 20:39:51,686 - watchfiles.main - INFO - 1 change detected
2025-05-02 20:39:52,041 - watchfiles.main - INFO - 1 change detected
2025-05-02 20:39:52,041 - watchfiles.main - INFO - 1 change detected
2025-05-02 20:39:52,041 - watchfiles.main - INFO - 1 change detected
2025-05-02 20:39:52,395 - watchfiles.main - INFO - 1 change detected
2025-05-02 20:39:52,395 - watchfiles.main - INFO - 1 change detected
2025-05-02 20:39:52,395 - watchfiles.main - INFO - 1 change detected
2025-05-02 20:39:52,750 - watchfiles.main - INFO - 1 change detected
2025-05-02 20:39:52,750 - watchfiles.main - INFO - 1 change detected
2025-05-02 20:39:52,750 - watchfiles.main - INFO - 1 change detected
2025-05-02 20:39:53,105 - watchfiles.main - INFO - 1 change detected
2025-05-02 20:39:53,105 - watchfiles.main - INFO - 1 change detected
2025-05-02 20:39:53,105 - watchfiles.main - INFO - 1 change detected
2025-05-02 20:39:53,460 - watchfiles.main - INFO - 1 change detected
2025-05-02 20:39:53,460 - watchfiles.main - INFO - 1 change detected
2025-05-02 20:39:53,460 - watchfiles.main - INFO - 1 change detected
2025-05-02 20:39:53,815 - watchfiles.main - INFO - 1 change detected
2025-05-02 20:39:53,815 - watchfiles.main - INFO - 1 change detected
2025-05-02 20:39:53,815 - watchfiles.main - INFO - 1 change detected
2025-05-02 20:39:54,170 - watchfiles.main - INFO - 1 change detected
2025-05-02 20:39:54,170 - watchfiles.main - INFO - 1 change detected
2025-05-02 20:39:54,170 - watchfiles.main - INFO - 1 change detected
2025-05-02 20:39:54,525 - watchfiles.main - INFO - 1 change detected
2025-05-02 20:39:54,525 - watchfiles.main - INFO - 1 change detected
2025-05-02 20:39:54,525 - watchfiles.main - INFO - 1 change detected
2025-05-02 20:39:54,880 - watchfiles.main - INFO - 1 change detected
2025-05-02 20:39:54,880 - watchfiles.main - INFO - 1 change detected
2025-05-02 20:39:54,880 - watchfiles.main - INFO - 1 change detected
2025-05-02 20:39:55,236 - watchfiles.main - INFO - 1 change detected
2025-05-02 20:39:55,236 - watchfiles.main - INFO - 1 change detected
2025-05-02 20:39:55,236 - watchfiles.main - INFO - 1 change detected
2025-05-02 20:39:55,591 - watchfiles.main - INFO - 1 change detected
2025-05-02 20:39:55,591 - watchfiles.main - INFO - 1 change detected
2025-05-02 20:39:55,591 - watchfiles.main - INFO - 1 change detected
2025-05-02 20:39:55,945 - watchfiles.main - INFO - 1 change detected
2025-05-02 20:39:55,945 - watchfiles.main - INFO - 1 change detected
2025-05-02 20:39:55,945 - watchfiles.main - INFO - 1 change detected
2025-05-02 20:39:56,299 - watchfiles.main - INFO - 1 change detected
2025-05-02 20:39:56,299 - watchfiles.main - INFO - 1 change detected
2025-05-02 20:39:56,299 - watchfiles.main - INFO - 1 change detected
2025-05-02 20:39:56,408 - uvicorn.error - INFO - Shutting down
2025-05-02 20:39:56,408 - uvicorn.error - INFO - Shutting down
2025-05-02 20:39:56,408 - uvicorn.error - INFO - Shutting down
2025-05-02 20:39:56,512 - uvicorn.error - INFO - Waiting for application shutdown.
2025-05-02 20:39:56,512 - uvicorn.error - INFO - Waiting for application shutdown.
2025-05-02 20:39:56,512 - uvicorn.error - INFO - Waiting for application shutdown.
2025-05-02 20:39:56,514 - uvicorn.error - INFO - Application shutdown complete.
2025-05-02 20:39:56,514 - uvicorn.error - INFO - Application shutdown complete.
2025-05-02 20:39:56,514 - uvicorn.error - INFO - Application shutdown complete.
2025-05-02 20:39:56,516 - uvicorn.error - INFO - Finished server process [8]
2025-05-02 20:39:56,516 - uvicorn.error - INFO - Finished server process [8]
2025-05-02 20:39:56,516 - uvicorn.error - INFO - Finished server process [8]
2025-05-02 20:39:56,528 - uvicorn.error - INFO - Stopping reloader process [1]
2025-05-02 20:39:56,528 - uvicorn.error - INFO - Stopping reloader process [1]
2025-05-02 20:39:56,528 - uvicorn.error - INFO - Stopping reloader process [1]
